{"C:\\Users\\Lou-Ann\\OneDrive - Groupe Scolaire La Croix-Rouge\\Documents\\CIPA5\\projet cipasimal\\projet_DP_IHM\\src\\App.vue": {"path":"C:\\Users\\Lou-Ann\\OneDrive - Groupe Scolaire La Croix-Rouge\\Documents\\CIPA5\\projet cipasimal\\projet_DP_IHM\\src\\App.vue","all":false,"statementMap":{"0":{"start":{"line":1,"column":0},"end":{"line":1,"column":10}},"1":{"start":{"line":2,"column":0},"end":{"line":2,"column":16}},"2":{"start":{"line":3,"column":0},"end":{"line":3,"column":59}},"3":{"start":{"line":4,"column":0},"end":{"line":4,"column":60}},"4":{"start":{"line":5,"column":0},"end":{"line":5,"column":49}},"5":{"start":{"line":6,"column":0},"end":{"line":6,"column":8}},"9":{"start":{"line":10,"column":0},"end":{"line":10,"column":45}},"10":{"start":{"line":11,"column":0},"end":{"line":11,"column":46}},"11":{"start":{"line":12,"column":0},"end":{"line":12,"column":26}},"13":{"start":{"line":14,"column":0},"end":{"line":14,"column":16}},"14":{"start":{"line":15,"column":0},"end":{"line":15,"column":15}},"15":{"start":{"line":16,"column":0},"end":{"line":16,"column":11}},"16":{"start":{"line":17,"column":0},"end":{"line":17,"column":14}},"17":{"start":{"line":18,"column":0},"end":{"line":18,"column":4}},"18":{"start":{"line":19,"column":0},"end":{"line":19,"column":10}},"19":{"start":{"line":20,"column":0},"end":{"line":20,"column":12}},"20":{"start":{"line":21,"column":0},"end":{"line":21,"column":25}},"21":{"start":{"line":22,"column":0},"end":{"line":22,"column":25}},"22":{"start":{"line":23,"column":0},"end":{"line":23,"column":6}},"23":{"start":{"line":24,"column":0},"end":{"line":24,"column":4}},"24":{"start":{"line":25,"column":0},"end":{"line":25,"column":12}},"25":{"start":{"line":26,"column":0},"end":{"line":26,"column":35}},"26":{"start":{"line":27,"column":0},"end":{"line":27,"column":29}},"27":{"start":{"line":28,"column":0},"end":{"line":28,"column":37}},"28":{"start":{"line":29,"column":0},"end":{"line":29,"column":6}},"29":{"start":{"line":30,"column":0},"end":{"line":30,"column":23}},"30":{"start":{"line":31,"column":0},"end":{"line":31,"column":50}},"31":{"start":{"line":32,"column":0},"end":{"line":32,"column":18}},"32":{"start":{"line":33,"column":0},"end":{"line":33,"column":13}},"33":{"start":{"line":34,"column":0},"end":{"line":34,"column":46}},"34":{"start":{"line":35,"column":0},"end":{"line":35,"column":78}},"35":{"start":{"line":36,"column":0},"end":{"line":36,"column":22}},"36":{"start":{"line":37,"column":0},"end":{"line":37,"column":47}},"37":{"start":{"line":38,"column":0},"end":{"line":38,"column":14}},"38":{"start":{"line":39,"column":0},"end":{"line":39,"column":13}},"39":{"start":{"line":40,"column":0},"end":{"line":40,"column":33}},"40":{"start":{"line":41,"column":0},"end":{"line":41,"column":55}},"41":{"start":{"line":42,"column":0},"end":{"line":42,"column":25}},"42":{"start":{"line":43,"column":0},"end":{"line":43,"column":89}},"43":{"start":{"line":44,"column":0},"end":{"line":44,"column":34}},"44":{"start":{"line":45,"column":0},"end":{"line":45,"column":67}},"45":{"start":{"line":46,"column":0},"end":{"line":46,"column":64}},"46":{"start":{"line":47,"column":0},"end":{"line":47,"column":9}},"47":{"start":{"line":48,"column":0},"end":{"line":48,"column":14}},"48":{"start":{"line":49,"column":0},"end":{"line":49,"column":74}},"49":{"start":{"line":50,"column":0},"end":{"line":50,"column":7}},"50":{"start":{"line":51,"column":0},"end":{"line":51,"column":6}},"51":{"start":{"line":52,"column":0},"end":{"line":52,"column":4}},"52":{"start":{"line":53,"column":0},"end":{"line":53,"column":13}},"53":{"start":{"line":54,"column":0},"end":{"line":54,"column":21}},"54":{"start":{"line":55,"column":0},"end":{"line":55,"column":4}},"55":{"start":{"line":56,"column":0},"end":{"line":56,"column":2}}},"s":{"0":4,"1":1,"2":1,"3":1,"4":1,"5":1,"9":1,"10":1,"11":1,"13":1,"14":1,"15":1,"16":1,"17":1,"18":1,"19":4,"20":4,"21":4,"22":4,"23":1,"24":1,"25":1,"26":1,"27":1,"28":1,"29":1,"30":6,"31":6,"32":4,"33":4,"34":4,"35":4,"36":4,"37":4,"38":4,"39":2,"40":2,"41":2,"42":2,"43":2,"44":2,"45":2,"46":2,"47":6,"48":2,"49":2,"50":1,"51":1,"52":1,"53":4,"54":1,"55":1},"branchMap":{"0":{"type":"branch","line":19,"loc":{"start":{"line":19,"column":2},"end":{"line":24,"column":3}},"locations":[{"start":{"line":19,"column":2},"end":{"line":24,"column":3}}]},"1":{"type":"branch","line":26,"loc":{"start":{"line":26,"column":4},"end":{"line":29,"column":5}},"locations":[{"start":{"line":26,"column":4},"end":{"line":29,"column":5}}]},"2":{"type":"branch","line":30,"loc":{"start":{"line":30,"column":4},"end":{"line":51,"column":5}},"locations":[{"start":{"line":30,"column":4},"end":{"line":51,"column":5}}]},"3":{"type":"branch","line":32,"loc":{"start":{"line":32,"column":17},"end":{"line":48,"column":8}},"locations":[{"start":{"line":32,"column":17},"end":{"line":48,"column":8}}]},"4":{"type":"branch","line":39,"loc":{"start":{"line":39,"column":12},"end":{"line":47,"column":9}},"locations":[{"start":{"line":39,"column":12},"end":{"line":47,"column":9}}]},"5":{"type":"branch","line":48,"loc":{"start":{"line":48,"column":6},"end":{"line":50,"column":7}},"locations":[{"start":{"line":48,"column":6},"end":{"line":50,"column":7}}]},"6":{"type":"branch","line":53,"loc":{"start":{"line":53,"column":2},"end":{"line":55,"column":3}},"locations":[{"start":{"line":53,"column":2},"end":{"line":55,"column":3}}]},"7":{"type":"branch","line":1,"loc":{"start":{"line":1,"column":0},"end":{"line":1,"column":10}},"locations":[{"start":{"line":1,"column":0},"end":{"line":1,"column":10}}]}},"b":{"0":[4],"1":[1],"2":[6],"3":[4],"4":[2],"5":[2],"6":[4],"7":[4]},"fnMap":{"0":{"name":"data","decl":{"start":{"line":19,"column":2},"end":{"line":24,"column":3}},"loc":{"start":{"line":19,"column":2},"end":{"line":24,"column":3}},"line":19},"1":{"name":"handleLoginSuccess","decl":{"start":{"line":26,"column":4},"end":{"line":29,"column":5}},"loc":{"start":{"line":26,"column":4},"end":{"line":29,"column":5}},"line":26},"2":{"name":"checkAuth","decl":{"start":{"line":30,"column":4},"end":{"line":51,"column":5}},"loc":{"start":{"line":30,"column":4},"end":{"line":51,"column":5}},"line":30},"3":{"name":"created","decl":{"start":{"line":53,"column":2},"end":{"line":55,"column":3}},"loc":{"start":{"line":53,"column":2},"end":{"line":55,"column":3}},"line":53}},"f":{"0":4,"1":1,"2":6,"3":4}}
,"C:\\Users\\Lou-Ann\\OneDrive - Groupe Scolaire La Croix-Rouge\\Documents\\CIPA5\\projet cipasimal\\projet_DP_IHM\\src\\main.ts": {"path":"C:\\Users\\Lou-Ann\\OneDrive - Groupe Scolaire La Croix-Rouge\\Documents\\CIPA5\\projet cipasimal\\projet_DP_IHM\\src\\main.ts","all":true,"statementMap":{"0":{"start":{"line":1,"column":0},"end":{"line":1,"column":32}},"1":{"start":{"line":2,"column":0},"end":{"line":2,"column":28}},"2":{"start":{"line":3,"column":0},"end":{"line":3,"column":39}},"3":{"start":{"line":4,"column":0},"end":{"line":4,"column":82}},"4":{"start":{"line":5,"column":0},"end":{"line":5,"column":0}},"5":{"start":{"line":6,"column":0},"end":{"line":6,"column":0}},"6":{"start":{"line":7,"column":0},"end":{"line":7,"column":0}},"7":{"start":{"line":8,"column":0},"end":{"line":8,"column":27}},"8":{"start":{"line":9,"column":0},"end":{"line":9,"column":16}},"9":{"start":{"line":10,"column":0},"end":{"line":10,"column":18}}},"s":{"0":0,"1":0,"2":0,"3":0,"4":0,"5":0,"6":0,"7":0,"8":0,"9":0},"branchMap":{"0":{"type":"branch","line":1,"loc":{"start":{"line":1,"column":0},"end":{"line":10,"column":18}},"locations":[{"start":{"line":1,"column":0},"end":{"line":10,"column":18}}]}},"b":{"0":[0]},"fnMap":{"0":{"name":"(empty-report)","decl":{"start":{"line":1,"column":0},"end":{"line":10,"column":18}},"loc":{"start":{"line":1,"column":0},"end":{"line":10,"column":18}},"line":1}},"f":{"0":0}}
,"C:\\Users\\Lou-Ann\\OneDrive - Groupe Scolaire La Croix-Rouge\\Documents\\CIPA5\\projet cipasimal\\projet_DP_IHM\\src\\components\\Header.vue": {"path":"C:\\Users\\Lou-Ann\\OneDrive - Groupe Scolaire La Croix-Rouge\\Documents\\CIPA5\\projet cipasimal\\projet_DP_IHM\\src\\components\\Header.vue","all":false,"statementMap":{"0":{"start":{"line":1,"column":0},"end":{"line":1,"column":10}},"1":{"start":{"line":2,"column":0},"end":{"line":2,"column":10}},"2":{"start":{"line":3,"column":0},"end":{"line":3,"column":40}},"3":{"start":{"line":4,"column":0},"end":{"line":4,"column":46}},"4":{"start":{"line":5,"column":0},"end":{"line":5,"column":10}},"5":{"start":{"line":6,"column":0},"end":{"line":6,"column":31}},"6":{"start":{"line":7,"column":0},"end":{"line":7,"column":25}},"7":{"start":{"line":8,"column":0},"end":{"line":8,"column":35}},"8":{"start":{"line":9,"column":0},"end":{"line":9,"column":47}},"9":{"start":{"line":10,"column":0},"end":{"line":10,"column":39}},"10":{"start":{"line":11,"column":0},"end":{"line":11,"column":19}},"11":{"start":{"line":12,"column":0},"end":{"line":12,"column":68}},"12":{"start":{"line":13,"column":0},"end":{"line":13,"column":34}},"13":{"start":{"line":14,"column":0},"end":{"line":14,"column":16}},"14":{"start":{"line":15,"column":0},"end":{"line":15,"column":39}},"15":{"start":{"line":16,"column":0},"end":{"line":16,"column":39}},"16":{"start":{"line":17,"column":0},"end":{"line":17,"column":17}},"17":{"start":{"line":18,"column":0},"end":{"line":18,"column":72}},"18":{"start":{"line":19,"column":0},"end":{"line":19,"column":16}},"19":{"start":{"line":20,"column":0},"end":{"line":20,"column":14}},"20":{"start":{"line":21,"column":0},"end":{"line":21,"column":31}},"21":{"start":{"line":22,"column":0},"end":{"line":22,"column":42}},"22":{"start":{"line":23,"column":0},"end":{"line":23,"column":43}},"23":{"start":{"line":24,"column":0},"end":{"line":24,"column":19}},"24":{"start":{"line":25,"column":0},"end":{"line":25,"column":58}},"25":{"start":{"line":26,"column":0},"end":{"line":26,"column":36}},"26":{"start":{"line":27,"column":0},"end":{"line":27,"column":61}},"27":{"start":{"line":28,"column":0},"end":{"line":28,"column":22}},"28":{"start":{"line":29,"column":0},"end":{"line":29,"column":45}},"29":{"start":{"line":30,"column":0},"end":{"line":30,"column":23}},"30":{"start":{"line":31,"column":0},"end":{"line":31,"column":18}},"31":{"start":{"line":32,"column":0},"end":{"line":32,"column":35}},"32":{"start":{"line":33,"column":0},"end":{"line":33,"column":36}},"33":{"start":{"line":34,"column":0},"end":{"line":34,"column":45}},"34":{"start":{"line":35,"column":0},"end":{"line":35,"column":40}},"35":{"start":{"line":36,"column":0},"end":{"line":36,"column":110}},"36":{"start":{"line":37,"column":0},"end":{"line":37,"column":22}},"37":{"start":{"line":38,"column":0},"end":{"line":38,"column":44}},"38":{"start":{"line":39,"column":0},"end":{"line":39,"column":69}},"39":{"start":{"line":40,"column":0},"end":{"line":40,"column":21}},"40":{"start":{"line":41,"column":0},"end":{"line":41,"column":20}},"41":{"start":{"line":42,"column":0},"end":{"line":42,"column":36}},"42":{"start":{"line":43,"column":0},"end":{"line":43,"column":45}},"43":{"start":{"line":44,"column":0},"end":{"line":44,"column":39}},"44":{"start":{"line":45,"column":0},"end":{"line":45,"column":104}},"45":{"start":{"line":46,"column":0},"end":{"line":46,"column":22}},"46":{"start":{"line":47,"column":0},"end":{"line":47,"column":41}},"47":{"start":{"line":48,"column":0},"end":{"line":48,"column":82}},"48":{"start":{"line":49,"column":0},"end":{"line":49,"column":21}},"49":{"start":{"line":50,"column":0},"end":{"line":50,"column":20}},"50":{"start":{"line":51,"column":0},"end":{"line":51,"column":36}},"51":{"start":{"line":52,"column":0},"end":{"line":52,"column":45}},"52":{"start":{"line":53,"column":0},"end":{"line":53,"column":38}},"53":{"start":{"line":54,"column":0},"end":{"line":54,"column":108}},"54":{"start":{"line":55,"column":0},"end":{"line":55,"column":22}},"55":{"start":{"line":56,"column":0},"end":{"line":56,"column":43}},"56":{"start":{"line":57,"column":0},"end":{"line":57,"column":68}},"57":{"start":{"line":58,"column":0},"end":{"line":58,"column":68}},"58":{"start":{"line":59,"column":0},"end":{"line":59,"column":21}},"59":{"start":{"line":60,"column":0},"end":{"line":60,"column":20}},"60":{"start":{"line":61,"column":0},"end":{"line":61,"column":18}},"61":{"start":{"line":62,"column":0},"end":{"line":62,"column":16}},"62":{"start":{"line":63,"column":0},"end":{"line":63,"column":14}},"63":{"start":{"line":64,"column":0},"end":{"line":64,"column":26}},"64":{"start":{"line":65,"column":0},"end":{"line":65,"column":38}},"65":{"start":{"line":66,"column":0},"end":{"line":66,"column":39}},"66":{"start":{"line":67,"column":0},"end":{"line":67,"column":19}},"67":{"start":{"line":68,"column":0},"end":{"line":68,"column":53}},"68":{"start":{"line":69,"column":0},"end":{"line":69,"column":65}},"69":{"start":{"line":70,"column":0},"end":{"line":70,"column":74}},"70":{"start":{"line":71,"column":0},"end":{"line":71,"column":83}},"71":{"start":{"line":72,"column":0},"end":{"line":72,"column":66}},"72":{"start":{"line":73,"column":0},"end":{"line":73,"column":16}},"73":{"start":{"line":74,"column":0},"end":{"line":74,"column":14}},"74":{"start":{"line":75,"column":0},"end":{"line":75,"column":12}},"75":{"start":{"line":76,"column":0},"end":{"line":76,"column":31}},"76":{"start":{"line":77,"column":0},"end":{"line":77,"column":70}},"77":{"start":{"line":78,"column":0},"end":{"line":78,"column":12}},"78":{"start":{"line":79,"column":0},"end":{"line":79,"column":10}},"79":{"start":{"line":80,"column":0},"end":{"line":80,"column":11}},"83":{"start":{"line":84,"column":0},"end":{"line":84,"column":16}},"84":{"start":{"line":85,"column":0},"end":{"line":85,"column":10}},"85":{"start":{"line":86,"column":0},"end":{"line":86,"column":12}},"86":{"start":{"line":87,"column":0},"end":{"line":87,"column":22}},"87":{"start":{"line":88,"column":0},"end":{"line":88,"column":31}},"88":{"start":{"line":89,"column":0},"end":{"line":89,"column":26}},"89":{"start":{"line":90,"column":0},"end":{"line":90,"column":30}},"90":{"start":{"line":91,"column":0},"end":{"line":91,"column":27}},"91":{"start":{"line":92,"column":0},"end":{"line":92,"column":29}},"92":{"start":{"line":93,"column":0},"end":{"line":93,"column":6}},"93":{"start":{"line":94,"column":0},"end":{"line":94,"column":4}},"94":{"start":{"line":95,"column":0},"end":{"line":95,"column":13}},"95":{"start":{"line":96,"column":0},"end":{"line":96,"column":18}},"96":{"start":{"line":97,"column":0},"end":{"line":97,"column":45}},"97":{"start":{"line":98,"column":0},"end":{"line":98,"column":6}},"98":{"start":{"line":99,"column":0},"end":{"line":99,"column":4}},"99":{"start":{"line":100,"column":0},"end":{"line":100,"column":13}},"100":{"start":{"line":101,"column":0},"end":{"line":101,"column":14}},"101":{"start":{"line":102,"column":0},"end":{"line":102,"column":39}},"102":{"start":{"line":103,"column":0},"end":{"line":103,"column":34}},"103":{"start":{"line":104,"column":0},"end":{"line":104,"column":6}},"104":{"start":{"line":105,"column":0},"end":{"line":105,"column":19}},"105":{"start":{"line":106,"column":0},"end":{"line":106,"column":35}},"106":{"start":{"line":107,"column":0},"end":{"line":107,"column":6}},"107":{"start":{"line":108,"column":0},"end":{"line":108,"column":16}},"108":{"start":{"line":109,"column":0},"end":{"line":109,"column":33}},"109":{"start":{"line":110,"column":0},"end":{"line":110,"column":6}},"110":{"start":{"line":111,"column":0},"end":{"line":111,"column":18}},"111":{"start":{"line":112,"column":0},"end":{"line":112,"column":37}},"112":{"start":{"line":113,"column":0},"end":{"line":113,"column":6}},"113":{"start":{"line":114,"column":0},"end":{"line":114,"column":23}},"114":{"start":{"line":115,"column":0},"end":{"line":115,"column":31}},"115":{"start":{"line":116,"column":0},"end":{"line":116,"column":28}},"116":{"start":{"line":117,"column":0},"end":{"line":117,"column":6}},"117":{"start":{"line":118,"column":0},"end":{"line":118,"column":27}},"118":{"start":{"line":119,"column":0},"end":{"line":119,"column":55}},"119":{"start":{"line":120,"column":0},"end":{"line":120,"column":6}},"120":{"start":{"line":121,"column":0},"end":{"line":121,"column":22}},"121":{"start":{"line":122,"column":0},"end":{"line":122,"column":45}},"122":{"start":{"line":123,"column":0},"end":{"line":123,"column":6}},"123":{"start":{"line":124,"column":0},"end":{"line":124,"column":28}},"124":{"start":{"line":125,"column":0},"end":{"line":125,"column":55}},"125":{"start":{"line":126,"column":0},"end":{"line":126,"column":55}},"126":{"start":{"line":127,"column":0},"end":{"line":127,"column":6}},"127":{"start":{"line":128,"column":0},"end":{"line":128,"column":28}},"128":{"start":{"line":129,"column":0},"end":{"line":129,"column":73}},"129":{"start":{"line":130,"column":0},"end":{"line":130,"column":6}},"130":{"start":{"line":131,"column":0},"end":{"line":131,"column":22}},"131":{"start":{"line":132,"column":0},"end":{"line":132,"column":70}},"132":{"start":{"line":133,"column":0},"end":{"line":133,"column":6}},"133":{"start":{"line":134,"column":0},"end":{"line":134,"column":33}},"134":{"start":{"line":135,"column":0},"end":{"line":135,"column":86}},"135":{"start":{"line":136,"column":0},"end":{"line":136,"column":6}},"136":{"start":{"line":137,"column":0},"end":{"line":137,"column":22}},"137":{"start":{"line":138,"column":0},"end":{"line":138,"column":53}},"138":{"start":{"line":139,"column":0},"end":{"line":139,"column":6}},"139":{"start":{"line":140,"column":0},"end":{"line":140,"column":19}},"140":{"start":{"line":141,"column":0},"end":{"line":141,"column":47}},"141":{"start":{"line":142,"column":0},"end":{"line":142,"column":6}},"142":{"start":{"line":143,"column":0},"end":{"line":143,"column":21}},"143":{"start":{"line":144,"column":0},"end":{"line":144,"column":51}},"144":{"start":{"line":145,"column":0},"end":{"line":145,"column":6}},"145":{"start":{"line":146,"column":0},"end":{"line":146,"column":4}},"146":{"start":{"line":147,"column":0},"end":{"line":147,"column":2}}},"s":{"0":1,"1":1,"2":1,"3":1,"4":1,"5":1,"6":1,"7":1,"8":1,"9":1,"10":1,"11":1,"12":1,"13":1,"14":1,"15":1,"16":1,"17":1,"18":1,"19":1,"20":1,"21":1,"22":1,"23":1,"24":1,"25":1,"26":1,"27":1,"28":1,"29":1,"30":1,"31":1,"32":1,"33":1,"34":1,"35":1,"36":1,"37":1,"38":1,"39":1,"40":1,"41":1,"42":1,"43":1,"44":1,"45":1,"46":1,"47":1,"48":1,"49":1,"50":1,"51":1,"52":1,"53":1,"54":1,"55":1,"56":1,"57":1,"58":1,"59":1,"60":1,"61":1,"62":1,"63":1,"64":1,"65":1,"66":1,"67":1,"68":1,"69":1,"70":1,"71":1,"72":1,"73":1,"74":1,"75":1,"76":1,"77":1,"78":1,"79":1,"83":1,"84":1,"85":2,"86":2,"87":2,"88":2,"89":2,"90":2,"91":2,"92":2,"93":1,"94":1,"95":1,"96":2,"97":1,"98":1,"99":1,"100":1,"101":0,"102":0,"103":1,"104":1,"105":0,"106":1,"107":1,"108":0,"109":1,"110":1,"111":0,"112":1,"113":1,"114":0,"115":0,"116":1,"117":1,"118":0,"119":1,"120":1,"121":0,"122":1,"123":1,"124":0,"125":0,"126":1,"127":1,"128":0,"129":1,"130":1,"131":0,"132":1,"133":1,"134":0,"135":1,"136":1,"137":0,"138":1,"139":1,"140":0,"141":1,"142":1,"143":0,"144":1,"145":1,"146":1},"branchMap":{"0":{"type":"branch","line":85,"loc":{"start":{"line":85,"column":2},"end":{"line":94,"column":3}},"locations":[{"start":{"line":85,"column":2},"end":{"line":94,"column":3}}]},"1":{"type":"branch","line":96,"loc":{"start":{"line":96,"column":4},"end":{"line":98,"column":5}},"locations":[{"start":{"line":96,"column":4},"end":{"line":98,"column":5}}]},"2":{"type":"branch","line":77,"loc":{"start":{"line":77,"column":8},"end":{"line":77,"column":70}},"locations":[{"start":{"line":77,"column":8},"end":{"line":77,"column":70}}]},"3":{"type":"branch","line":1,"loc":{"start":{"line":1,"column":0},"end":{"line":1,"column":10}},"locations":[{"start":{"line":1,"column":0},"end":{"line":1,"column":10}}]}},"b":{"0":[2],"1":[2],"2":[1],"3":[1]},"fnMap":{"0":{"name":"data","decl":{"start":{"line":85,"column":2},"end":{"line":94,"column":3}},"loc":{"start":{"line":85,"column":2},"end":{"line":94,"column":3}},"line":85},"1":{"name":"isLoggedIn","decl":{"start":{"line":96,"column":4},"end":{"line":98,"column":5}},"loc":{"start":{"line":96,"column":4},"end":{"line":98,"column":5}},"line":96},"2":{"name":"logout","decl":{"start":{"line":101,"column":4},"end":{"line":104,"column":5}},"loc":{"start":{"line":101,"column":4},"end":{"line":104,"column":5}},"line":101},"3":{"name":"goToProfile","decl":{"start":{"line":105,"column":4},"end":{"line":107,"column":5}},"loc":{"start":{"line":105,"column":4},"end":{"line":107,"column":5}},"line":105},"4":{"name":"goToHome","decl":{"start":{"line":108,"column":4},"end":{"line":110,"column":5}},"loc":{"start":{"line":108,"column":4},"end":{"line":110,"column":5}},"line":108},"5":{"name":"toggleMenu","decl":{"start":{"line":111,"column":4},"end":{"line":113,"column":5}},"loc":{"start":{"line":111,"column":4},"end":{"line":113,"column":5}},"line":111},"6":{"name":"navigateTo","decl":{"start":{"line":114,"column":4},"end":{"line":117,"column":5}},"loc":{"start":{"line":114,"column":4},"end":{"line":117,"column":5}},"line":114},"7":{"name":"toggleNotifications","decl":{"start":{"line":118,"column":4},"end":{"line":120,"column":5}},"loc":{"start":{"line":118,"column":4},"end":{"line":120,"column":5}},"line":118},"8":{"name":"toggleMessages","decl":{"start":{"line":121,"column":4},"end":{"line":123,"column":5}},"loc":{"start":{"line":121,"column":4},"end":{"line":123,"column":5}},"line":121},"9":{"name":"viewAllNotifications","decl":{"start":{"line":124,"column":4},"end":{"line":127,"column":5}},"loc":{"start":{"line":124,"column":4},"end":{"line":127,"column":5}},"line":124},"10":{"name":"showFavorite","decl":{"start":{"line":128,"column":4},"end":{"line":130,"column":5}},"loc":{"start":{"line":128,"column":4},"end":{"line":130,"column":5}},"line":128},"11":{"name":"showGroup","decl":{"start":{"line":131,"column":4},"end":{"line":133,"column":5}},"loc":{"start":{"line":131,"column":4},"end":{"line":133,"column":5}},"line":131},"12":{"name":"showPrivate","decl":{"start":{"line":134,"column":4},"end":{"line":136,"column":5}},"loc":{"start":{"line":134,"column":4},"end":{"line":136,"column":5}},"line":134},"13":{"name":"toggleFavorite","decl":{"start":{"line":137,"column":4},"end":{"line":139,"column":5}},"loc":{"start":{"line":137,"column":4},"end":{"line":139,"column":5}},"line":137},"14":{"name":"toggleGroup","decl":{"start":{"line":140,"column":4},"end":{"line":142,"column":5}},"loc":{"start":{"line":140,"column":4},"end":{"line":142,"column":5}},"line":140},"15":{"name":"togglePrivate","decl":{"start":{"line":143,"column":4},"end":{"line":145,"column":5}},"loc":{"start":{"line":143,"column":4},"end":{"line":145,"column":5}},"line":143},"16":{"name":"onClick._cache.<computed>._cache.<computed>","decl":{"start":{"line":3,"column":28},"end":{"line":3,"column":40}},"loc":{"start":{"line":3,"column":28},"end":{"line":3,"column":40}},"line":3},"17":{"name":"onClick._cache.<computed>._cache.<computed>","decl":{"start":{"line":9,"column":24},"end":{"line":9,"column":47}},"loc":{"start":{"line":9,"column":24},"end":{"line":9,"column":47}},"line":9},"18":{"name":"onClick._cache.<computed>._cache.<computed>","decl":{"start":{"line":18,"column":26},"end":{"line":18,"column":50}},"loc":{"start":{"line":18,"column":26},"end":{"line":18,"column":50}},"line":18},"19":{"name":"onClick._cache.<computed>._cache.<computed>","decl":{"start":{"line":22,"column":24},"end":{"line":22,"column":42}},"loc":{"start":{"line":22,"column":24},"end":{"line":22,"column":42}},"line":22},"20":{"name":"onClick._cache.<computed>._cache.<computed>","decl":{"start":{"line":36,"column":30},"end":{"line":36,"column":51}},"loc":{"start":{"line":36,"column":30},"end":{"line":36,"column":51}},"line":36},"21":{"name":"onClick._cache.<computed>._cache.<computed>","decl":{"start":{"line":39,"column":28},"end":{"line":39,"column":56}},"loc":{"start":{"line":39,"column":28},"end":{"line":39,"column":56}},"line":39},"22":{"name":"onClick._cache.<computed>._cache.<computed>","decl":{"start":{"line":45,"column":30},"end":{"line":45,"column":48}},"loc":{"start":{"line":45,"column":30},"end":{"line":45,"column":48}},"line":45},"23":{"name":"onClick._cache.<computed>._cache.<computed>","decl":{"start":{"line":48,"column":28},"end":{"line":48,"column":61}},"loc":{"start":{"line":48,"column":28},"end":{"line":48,"column":61}},"line":48},"24":{"name":"onClick._cache.<computed>._cache.<computed>","decl":{"start":{"line":54,"column":30},"end":{"line":54,"column":50}},"loc":{"start":{"line":54,"column":30},"end":{"line":54,"column":50}},"line":54},"25":{"name":"onClick._cache.<computed>._cache.<computed>","decl":{"start":{"line":57,"column":28},"end":{"line":57,"column":55}},"loc":{"start":{"line":57,"column":28},"end":{"line":57,"column":55}},"line":57},"26":{"name":"onClick._cache.<computed>._cache.<computed>","decl":{"start":{"line":58,"column":28},"end":{"line":58,"column":55}},"loc":{"start":{"line":58,"column":28},"end":{"line":58,"column":55}},"line":58},"27":{"name":"onClick._cache.<computed>._cache.<computed>","decl":{"start":{"line":65,"column":24},"end":{"line":65,"column":38}},"loc":{"start":{"line":65,"column":24},"end":{"line":65,"column":38}},"line":65},"28":{"name":"onClick._cache.<computed>._cache.<computed>","decl":{"start":{"line":69,"column":26},"end":{"line":69,"column":49}},"loc":{"start":{"line":69,"column":26},"end":{"line":69,"column":49}},"line":69},"29":{"name":"onClick._cache.<computed>._cache.<computed>","decl":{"start":{"line":70,"column":26},"end":{"line":70,"column":54}},"loc":{"start":{"line":70,"column":26},"end":{"line":70,"column":54}},"line":70},"30":{"name":"onClick._cache.<computed>._cache.<computed>","decl":{"start":{"line":71,"column":26},"end":{"line":71,"column":59}},"loc":{"start":{"line":71,"column":26},"end":{"line":71,"column":59}},"line":71},"31":{"name":"onClick._cache.<computed>._cache.<computed>","decl":{"start":{"line":72,"column":26},"end":{"line":72,"column":51}},"loc":{"start":{"line":72,"column":26},"end":{"line":72,"column":51}},"line":72},"32":{"name":"onClick._cache.<computed>._cache.<computed>","decl":{"start":{"line":77,"column":40},"end":{"line":77,"column":50}},"loc":{"start":{"line":77,"column":40},"end":{"line":77,"column":50}},"line":77}},"f":{"0":2,"1":2,"2":0,"3":0,"4":0,"5":0,"6":0,"7":0,"8":0,"9":0,"10":0,"11":0,"12":0,"13":0,"14":0,"15":0,"16":0,"17":0,"18":0,"19":0,"20":0,"21":0,"22":0,"23":0,"24":0,"25":0,"26":0,"27":0,"28":0,"29":0,"30":0,"31":0,"32":0}}
,"C:\\Users\\Lou-Ann\\OneDrive - Groupe Scolaire La Croix-Rouge\\Documents\\CIPA5\\projet cipasimal\\projet_DP_IHM\\src\\router\\index.js": {"path":"C:\\Users\\Lou-Ann\\OneDrive - Groupe Scolaire La Croix-Rouge\\Documents\\CIPA5\\projet cipasimal\\projet_DP_IHM\\src\\router\\index.js","all":true,"statementMap":{"0":{"start":{"line":1,"column":0},"end":{"line":1,"column":60}},"1":{"start":{"line":2,"column":0},"end":{"line":2,"column":47}},"2":{"start":{"line":3,"column":0},"end":{"line":3,"column":45}},"3":{"start":{"line":4,"column":0},"end":{"line":4,"column":49}},"4":{"start":{"line":5,"column":0},"end":{"line":5,"column":63}},"5":{"start":{"line":6,"column":0},"end":{"line":6,"column":55}},"6":{"start":{"line":7,"column":0},"end":{"line":7,"column":51}},"7":{"start":{"line":8,"column":0},"end":{"line":8,"column":0}},"8":{"start":{"line":9,"column":0},"end":{"line":9,"column":16}},"9":{"start":{"line":10,"column":0},"end":{"line":10,"column":3}},"10":{"start":{"line":11,"column":0},"end":{"line":11,"column":19}},"11":{"start":{"line":12,"column":0},"end":{"line":12,"column":18}},"12":{"start":{"line":13,"column":0},"end":{"line":13,"column":25}},"13":{"start":{"line":14,"column":0},"end":{"line":14,"column":4}},"14":{"start":{"line":15,"column":0},"end":{"line":15,"column":3}},"15":{"start":{"line":16,"column":0},"end":{"line":16,"column":18}},"16":{"start":{"line":17,"column":0},"end":{"line":17,"column":17}},"17":{"start":{"line":18,"column":0},"end":{"line":18,"column":24}},"18":{"start":{"line":19,"column":0},"end":{"line":19,"column":33}},"19":{"start":{"line":20,"column":0},"end":{"line":20,"column":4}},"20":{"start":{"line":21,"column":0},"end":{"line":21,"column":3}},"21":{"start":{"line":22,"column":0},"end":{"line":22,"column":20}},"22":{"start":{"line":23,"column":0},"end":{"line":23,"column":19}},"23":{"start":{"line":24,"column":0},"end":{"line":24,"column":26}},"24":{"start":{"line":25,"column":0},"end":{"line":25,"column":33}},"25":{"start":{"line":26,"column":0},"end":{"line":26,"column":4}},"26":{"start":{"line":27,"column":0},"end":{"line":27,"column":3}},"27":{"start":{"line":28,"column":0},"end":{"line":28,"column":28}},"28":{"start":{"line":29,"column":0},"end":{"line":29,"column":26}},"29":{"start":{"line":30,"column":0},"end":{"line":30,"column":33}},"30":{"start":{"line":31,"column":0},"end":{"line":31,"column":4}},"31":{"start":{"line":32,"column":0},"end":{"line":32,"column":3}},"32":{"start":{"line":33,"column":0},"end":{"line":33,"column":23}},"33":{"start":{"line":34,"column":0},"end":{"line":34,"column":22}},"34":{"start":{"line":35,"column":0},"end":{"line":35,"column":29}},"35":{"start":{"line":36,"column":0},"end":{"line":36,"column":4}},"36":{"start":{"line":37,"column":0},"end":{"line":37,"column":4}},"37":{"start":{"line":38,"column":0},"end":{"line":38,"column":29}},"38":{"start":{"line":39,"column":0},"end":{"line":39,"column":25}},"39":{"start":{"line":40,"column":0},"end":{"line":40,"column":29}},"40":{"start":{"line":41,"column":0},"end":{"line":41,"column":2}},"41":{"start":{"line":42,"column":0},"end":{"line":42,"column":0}},"42":{"start":{"line":43,"column":0},"end":{"line":43,"column":29}},"43":{"start":{"line":44,"column":0},"end":{"line":44,"column":30}},"44":{"start":{"line":45,"column":0},"end":{"line":45,"column":9}},"45":{"start":{"line":46,"column":0},"end":{"line":46,"column":3}},"46":{"start":{"line":47,"column":0},"end":{"line":47,"column":0}},"47":{"start":{"line":48,"column":0},"end":{"line":48,"column":39}},"48":{"start":{"line":49,"column":0},"end":{"line":49,"column":46}},"49":{"start":{"line":50,"column":0},"end":{"line":50,"column":70}},"50":{"start":{"line":51,"column":0},"end":{"line":51,"column":19}},"51":{"start":{"line":52,"column":0},"end":{"line":52,"column":10}},"52":{"start":{"line":53,"column":0},"end":{"line":53,"column":11}},"53":{"start":{"line":54,"column":0},"end":{"line":54,"column":3}},"54":{"start":{"line":55,"column":0},"end":{"line":55,"column":3}},"55":{"start":{"line":56,"column":0},"end":{"line":56,"column":0}},"56":{"start":{"line":57,"column":0},"end":{"line":57,"column":22}}},"s":{"0":0,"1":0,"2":0,"3":0,"4":0,"5":0,"6":0,"7":0,"8":0,"9":0,"10":0,"11":0,"12":0,"13":0,"14":0,"15":0,"16":0,"17":0,"18":0,"19":0,"20":0,"21":0,"22":0,"23":0,"24":0,"25":0,"26":0,"27":0,"28":0,"29":0,"30":0,"31":0,"32":0,"33":0,"34":0,"35":0,"36":0,"37":0,"38":0,"39":0,"40":0,"41":0,"42":0,"43":0,"44":0,"45":0,"46":0,"47":0,"48":0,"49":0,"50":0,"51":0,"52":0,"53":0,"54":0,"55":0,"56":0},"branchMap":{"0":{"type":"branch","line":1,"loc":{"start":{"line":1,"column":0},"end":{"line":57,"column":22}},"locations":[{"start":{"line":1,"column":0},"end":{"line":57,"column":22}}]}},"b":{"0":[0]},"fnMap":{"0":{"name":"(empty-report)","decl":{"start":{"line":1,"column":0},"end":{"line":57,"column":22}},"loc":{"start":{"line":1,"column":0},"end":{"line":57,"column":22}},"line":1}},"f":{"0":0}}
,"C:\\Users\\Lou-Ann\\OneDrive - Groupe Scolaire La Croix-Rouge\\Documents\\CIPA5\\projet cipasimal\\projet_DP_IHM\\src\\views\\CreateProjectView.vue": {"path":"C:\\Users\\Lou-Ann\\OneDrive - Groupe Scolaire La Croix-Rouge\\Documents\\CIPA5\\projet cipasimal\\projet_DP_IHM\\src\\views\\CreateProjectView.vue","all":false,"statementMap":{"0":{"start":{"line":1,"column":0},"end":{"line":1,"column":10}},"1":{"start":{"line":2,"column":0},"end":{"line":2,"column":40}},"2":{"start":{"line":3,"column":0},"end":{"line":3,"column":36}},"3":{"start":{"line":4,"column":0},"end":{"line":4,"column":41}},"4":{"start":{"line":5,"column":0},"end":{"line":5,"column":30}},"5":{"start":{"line":6,"column":0},"end":{"line":6,"column":72}},"6":{"start":{"line":7,"column":0},"end":{"line":7,"column":97}},"7":{"start":{"line":8,"column":0},"end":{"line":8,"column":12}},"8":{"start":{"line":9,"column":0},"end":{"line":9,"column":30}},"9":{"start":{"line":10,"column":0},"end":{"line":10,"column":51}},"10":{"start":{"line":11,"column":0},"end":{"line":11,"column":70}},"11":{"start":{"line":12,"column":0},"end":{"line":12,"column":12}},"12":{"start":{"line":13,"column":0},"end":{"line":13,"column":30}},"13":{"start":{"line":14,"column":0},"end":{"line":14,"column":63}},"14":{"start":{"line":15,"column":0},"end":{"line":15,"column":82}},"15":{"start":{"line":16,"column":0},"end":{"line":16,"column":12}},"16":{"start":{"line":17,"column":0},"end":{"line":17,"column":30}},"17":{"start":{"line":18,"column":0},"end":{"line":18,"column":43}},"18":{"start":{"line":19,"column":0},"end":{"line":19,"column":59}},"19":{"start":{"line":20,"column":0},"end":{"line":20,"column":52}},"20":{"start":{"line":21,"column":0},"end":{"line":21,"column":50}},"21":{"start":{"line":22,"column":0},"end":{"line":22,"column":48}},"22":{"start":{"line":23,"column":0},"end":{"line":23,"column":17}},"23":{"start":{"line":24,"column":0},"end":{"line":24,"column":12}},"24":{"start":{"line":25,"column":0},"end":{"line":25,"column":30}},"25":{"start":{"line":26,"column":0},"end":{"line":26,"column":54}},"26":{"start":{"line":27,"column":0},"end":{"line":27,"column":80}},"27":{"start":{"line":28,"column":0},"end":{"line":28,"column":12}},"28":{"start":{"line":29,"column":0},"end":{"line":29,"column":30}},"29":{"start":{"line":30,"column":0},"end":{"line":30,"column":50}},"30":{"start":{"line":31,"column":0},"end":{"line":31,"column":76}},"31":{"start":{"line":32,"column":0},"end":{"line":32,"column":12}},"32":{"start":{"line":33,"column":0},"end":{"line":33,"column":30}},"33":{"start":{"line":34,"column":0},"end":{"line":34,"column":75}},"34":{"start":{"line":35,"column":0},"end":{"line":35,"column":33}},"35":{"start":{"line":36,"column":0},"end":{"line":36,"column":111}},"36":{"start":{"line":37,"column":0},"end":{"line":37,"column":92}},"37":{"start":{"line":38,"column":0},"end":{"line":38,"column":14}},"38":{"start":{"line":39,"column":0},"end":{"line":39,"column":12}},"39":{"start":{"line":40,"column":0},"end":{"line":40,"column":77}},"40":{"start":{"line":41,"column":0},"end":{"line":41,"column":96}},"41":{"start":{"line":42,"column":0},"end":{"line":42,"column":15}},"42":{"start":{"line":43,"column":0},"end":{"line":43,"column":13}},"43":{"start":{"line":44,"column":0},"end":{"line":44,"column":12}},"44":{"start":{"line":45,"column":0},"end":{"line":45,"column":31}},"45":{"start":{"line":46,"column":0},"end":{"line":46,"column":50}},"46":{"start":{"line":47,"column":0},"end":{"line":47,"column":63}},"47":{"start":{"line":48,"column":0},"end":{"line":48,"column":63}},"48":{"start":{"line":49,"column":0},"end":{"line":49,"column":114}},"49":{"start":{"line":50,"column":0},"end":{"line":50,"column":17}},"50":{"start":{"line":51,"column":0},"end":{"line":51,"column":12}},"51":{"start":{"line":52,"column":0},"end":{"line":52,"column":52}},"52":{"start":{"line":53,"column":0},"end":{"line":53,"column":11}},"53":{"start":{"line":54,"column":0},"end":{"line":54,"column":8}},"57":{"start":{"line":58,"column":0},"end":{"line":58,"column":26}},"59":{"start":{"line":60,"column":0},"end":{"line":60,"column":16}},"60":{"start":{"line":61,"column":0},"end":{"line":61,"column":10}},"61":{"start":{"line":62,"column":0},"end":{"line":62,"column":12}},"62":{"start":{"line":63,"column":0},"end":{"line":63,"column":13}},"63":{"start":{"line":64,"column":0},"end":{"line":64,"column":31}},"64":{"start":{"line":65,"column":0},"end":{"line":65,"column":24}},"65":{"start":{"line":66,"column":0},"end":{"line":66,"column":18}},"66":{"start":{"line":67,"column":0},"end":{"line":67,"column":27}},"67":{"start":{"line":68,"column":0},"end":{"line":68,"column":23}},"68":{"start":{"line":69,"column":0},"end":{"line":69,"column":21}},"69":{"start":{"line":70,"column":0},"end":{"line":70,"column":25}},"70":{"start":{"line":71,"column":0},"end":{"line":71,"column":20}},"71":{"start":{"line":72,"column":0},"end":{"line":72,"column":8}},"72":{"start":{"line":73,"column":0},"end":{"line":73,"column":25}},"73":{"start":{"line":74,"column":0},"end":{"line":74,"column":20}},"74":{"start":{"line":75,"column":0},"end":{"line":75,"column":25}},"75":{"start":{"line":76,"column":0},"end":{"line":76,"column":6}},"76":{"start":{"line":77,"column":0},"end":{"line":77,"column":4}},"77":{"start":{"line":78,"column":0},"end":{"line":78,"column":12}},"78":{"start":{"line":79,"column":0},"end":{"line":79,"column":26}},"79":{"start":{"line":80,"column":0},"end":{"line":80,"column":11}},"80":{"start":{"line":81,"column":0},"end":{"line":81,"column":52}},"81":{"start":{"line":82,"column":0},"end":{"line":82,"column":21}},"82":{"start":{"line":83,"column":0},"end":{"line":83,"column":60}},"83":{"start":{"line":84,"column":0},"end":{"line":84,"column":17}},"84":{"start":{"line":85,"column":0},"end":{"line":85,"column":9}},"86":{"start":{"line":87,"column":0},"end":{"line":87,"column":44}},"87":{"start":{"line":88,"column":0},"end":{"line":88,"column":73}},"88":{"start":{"line":89,"column":0},"end":{"line":89,"column":20}},"89":{"start":{"line":90,"column":0},"end":{"line":90,"column":45}},"90":{"start":{"line":91,"column":0},"end":{"line":91,"column":12}},"91":{"start":{"line":92,"column":0},"end":{"line":92,"column":11}},"92":{"start":{"line":93,"column":0},"end":{"line":93,"column":44}},"93":{"start":{"line":94,"column":0},"end":{"line":94,"column":97}},"94":{"start":{"line":95,"column":0},"end":{"line":95,"column":23}},"95":{"start":{"line":96,"column":0},"end":{"line":96,"column":43}},"96":{"start":{"line":97,"column":0},"end":{"line":97,"column":88}},"97":{"start":{"line":98,"column":0},"end":{"line":98,"column":7}},"98":{"start":{"line":99,"column":0},"end":{"line":99,"column":6}},"99":{"start":{"line":100,"column":0},"end":{"line":100,"column":22}},"100":{"start":{"line":101,"column":0},"end":{"line":101,"column":32}},"101":{"start":{"line":102,"column":0},"end":{"line":102,"column":58}},"102":{"start":{"line":103,"column":0},"end":{"line":103,"column":68}},"103":{"start":{"line":104,"column":0},"end":{"line":104,"column":33}},"104":{"start":{"line":105,"column":0},"end":{"line":105,"column":7}},"105":{"start":{"line":106,"column":0},"end":{"line":106,"column":6}},"106":{"start":{"line":107,"column":0},"end":{"line":107,"column":30}},"107":{"start":{"line":108,"column":0},"end":{"line":108,"column":46}},"108":{"start":{"line":109,"column":0},"end":{"line":109,"column":6}},"109":{"start":{"line":110,"column":0},"end":{"line":110,"column":28}},"110":{"start":{"line":111,"column":0},"end":{"line":111,"column":11}},"111":{"start":{"line":112,"column":0},"end":{"line":112,"column":80}},"112":{"start":{"line":113,"column":0},"end":{"line":113,"column":39}},"113":{"start":{"line":114,"column":0},"end":{"line":114,"column":23}},"114":{"start":{"line":115,"column":0},"end":{"line":115,"column":80}},"115":{"start":{"line":116,"column":0},"end":{"line":116,"column":7}},"116":{"start":{"line":117,"column":0},"end":{"line":117,"column":6}},"117":{"start":{"line":118,"column":0},"end":{"line":118,"column":4}},"118":{"start":{"line":119,"column":0},"end":{"line":119,"column":14}},"119":{"start":{"line":120,"column":0},"end":{"line":120,"column":26}},"120":{"start":{"line":121,"column":0},"end":{"line":121,"column":4}},"121":{"start":{"line":122,"column":0},"end":{"line":122,"column":2}}},"s":{"0":0,"1":0,"2":0,"3":0,"4":0,"5":0,"6":0,"7":0,"8":0,"9":0,"10":0,"11":0,"12":0,"13":0,"14":0,"15":0,"16":0,"17":0,"18":0,"19":0,"20":0,"21":0,"22":0,"23":0,"24":0,"25":0,"26":0,"27":0,"28":0,"29":0,"30":0,"31":0,"32":0,"33":0,"34":0,"35":0,"36":0,"37":0,"38":0,"39":0,"40":0,"41":0,"42":0,"43":0,"44":0,"45":0,"46":1,"47":1,"48":1,"49":1,"50":1,"51":1,"52":1,"53":1,"57":1,"59":1,"60":1,"61":1,"62":1,"63":1,"64":1,"65":1,"66":1,"67":1,"68":1,"69":1,"70":1,"71":1,"72":1,"73":1,"74":1,"75":1,"76":1,"77":1,"78":1,"79":1,"80":1,"81":1,"82":0,"83":0,"84":0,"86":1,"87":1,"88":1,"89":1,"90":1,"91":1,"92":0,"93":0,"94":0,"95":0,"96":0,"97":0,"98":1,"99":1,"100":0,"101":0,"102":0,"103":0,"104":0,"105":1,"106":1,"107":0,"108":1,"109":1,"110":1,"111":1,"112":0,"113":0,"114":0,"115":0,"116":1,"117":1,"118":1,"119":1,"120":1,"121":1},"branchMap":{"0":{"type":"branch","line":61,"loc":{"start":{"line":61,"column":2},"end":{"line":77,"column":3}},"locations":[{"start":{"line":61,"column":2},"end":{"line":77,"column":3}}]},"1":{"type":"branch","line":79,"loc":{"start":{"line":79,"column":4},"end":{"line":99,"column":5}},"locations":[{"start":{"line":79,"column":4},"end":{"line":99,"column":5}}]},"2":{"type":"branch","line":82,"loc":{"start":{"line":82,"column":20},"end":{"line":85,"column":9}},"locations":[{"start":{"line":82,"column":20},"end":{"line":85,"column":9}}]},"3":{"type":"branch","line":92,"loc":{"start":{"line":92,"column":10},"end":{"line":98,"column":7}},"locations":[{"start":{"line":92,"column":10},"end":{"line":98,"column":7}}]},"4":{"type":"branch","line":110,"loc":{"start":{"line":110,"column":4},"end":{"line":117,"column":5}},"locations":[{"start":{"line":110,"column":4},"end":{"line":117,"column":5}}]},"5":{"type":"branch","line":112,"loc":{"start":{"line":112,"column":79},"end":{"line":116,"column":7}},"locations":[{"start":{"line":112,"column":79},"end":{"line":116,"column":7}}]},"6":{"type":"branch","line":119,"loc":{"start":{"line":119,"column":3},"end":{"line":121,"column":3}},"locations":[{"start":{"line":119,"column":3},"end":{"line":121,"column":3}}]},"7":{"type":"branch","line":3,"loc":{"start":{"line":3,"column":4},"end":{"line":3,"column":36}},"locations":[{"start":{"line":3,"column":4},"end":{"line":3,"column":36}}]},"8":{"type":"branch","line":4,"loc":{"start":{"line":4,"column":17},"end":{"line":4,"column":41}},"locations":[{"start":{"line":4,"column":17},"end":{"line":4,"column":41}}]},"9":{"type":"branch","line":6,"loc":{"start":{"line":6,"column":8},"end":{"line":6,"column":72}},"locations":[{"start":{"line":6,"column":8},"end":{"line":6,"column":72}}]},"10":{"type":"branch","line":1,"loc":{"start":{"line":1,"column":0},"end":{"line":7,"column":86}},"locations":[{"start":{"line":1,"column":0},"end":{"line":7,"column":86}}]},"11":{"type":"branch","line":10,"loc":{"start":{"line":10,"column":8},"end":{"line":10,"column":51}},"locations":[{"start":{"line":10,"column":8},"end":{"line":10,"column":51}}]},"12":{"type":"branch","line":1,"loc":{"start":{"line":1,"column":0},"end":{"line":11,"column":59}},"locations":[{"start":{"line":1,"column":0},"end":{"line":11,"column":59}}]},"13":{"type":"branch","line":14,"loc":{"start":{"line":14,"column":8},"end":{"line":14,"column":63}},"locations":[{"start":{"line":14,"column":8},"end":{"line":14,"column":63}}]},"14":{"type":"branch","line":1,"loc":{"start":{"line":1,"column":0},"end":{"line":15,"column":62}},"locations":[{"start":{"line":1,"column":0},"end":{"line":15,"column":62}}]},"15":{"type":"branch","line":18,"loc":{"start":{"line":18,"column":8},"end":{"line":18,"column":43}},"locations":[{"start":{"line":18,"column":8},"end":{"line":18,"column":43}}]},"16":{"type":"branch","line":1,"loc":{"start":{"line":1,"column":0},"end":{"line":19,"column":50}},"locations":[{"start":{"line":1,"column":0},"end":{"line":19,"column":50}}]},"17":{"type":"branch","line":26,"loc":{"start":{"line":26,"column":8},"end":{"line":26,"column":54}},"locations":[{"start":{"line":26,"column":8},"end":{"line":26,"column":54}}]},"18":{"type":"branch","line":1,"loc":{"start":{"line":1,"column":0},"end":{"line":27,"column":69}},"locations":[{"start":{"line":1,"column":0},"end":{"line":27,"column":69}}]},"19":{"type":"branch","line":30,"loc":{"start":{"line":30,"column":8},"end":{"line":30,"column":50}},"locations":[{"start":{"line":30,"column":8},"end":{"line":30,"column":50}}]},"20":{"type":"branch","line":1,"loc":{"start":{"line":1,"column":0},"end":{"line":31,"column":65}},"locations":[{"start":{"line":1,"column":0},"end":{"line":31,"column":65}}]},"21":{"type":"branch","line":34,"loc":{"start":{"line":34,"column":8},"end":{"line":34,"column":75}},"locations":[{"start":{"line":34,"column":8},"end":{"line":34,"column":75}}]},"22":{"type":"branch","line":1,"loc":{"start":{"line":1,"column":0},"end":{"line":36,"column":72}},"locations":[{"start":{"line":1,"column":0},"end":{"line":36,"column":72}}]},"23":{"type":"branch","line":37,"loc":{"start":{"line":37,"column":38},"end":{"line":37,"column":56}},"locations":[{"start":{"line":37,"column":38},"end":{"line":37,"column":56}}]},"24":{"type":"branch","line":46,"loc":{"start":{"line":46,"column":8},"end":{"line":46,"column":50}},"locations":[{"start":{"line":46,"column":8},"end":{"line":46,"column":50}}]},"25":{"type":"branch","line":1,"loc":{"start":{"line":1,"column":0},"end":{"line":47,"column":54}},"locations":[{"start":{"line":1,"column":0},"end":{"line":47,"column":54}}]},"26":{"type":"branch","line":48,"loc":{"start":{"line":48,"column":10},"end":{"line":48,"column":63}},"locations":[{"start":{"line":48,"column":10},"end":{"line":48,"column":63}}]},"27":{"type":"branch","line":52,"loc":{"start":{"line":52,"column":6},"end":{"line":52,"column":52}},"locations":[{"start":{"line":52,"column":6},"end":{"line":52,"column":52}}]},"28":{"type":"branch","line":1,"loc":{"start":{"line":1,"column":0},"end":{"line":4,"column":41}},"locations":[{"start":{"line":1,"column":0},"end":{"line":4,"column":41}}]}},"b":{"0":[1],"1":[1],"2":[0],"3":[0],"4":[1],"5":[0],"6":[1],"7":[1],"8":[1],"9":[1],"10":[1],"11":[1],"12":[1],"13":[1],"14":[1],"15":[1],"16":[1],"17":[1],"18":[1],"19":[1],"20":[1],"21":[1],"22":[1],"23":[1],"24":[1],"25":[1],"26":[1],"27":[1],"28":[1]},"fnMap":{"0":{"name":"data","decl":{"start":{"line":61,"column":2},"end":{"line":77,"column":3}},"loc":{"start":{"line":61,"column":2},"end":{"line":77,"column":3}},"line":61},"1":{"name":"handleSubmit","decl":{"start":{"line":79,"column":4},"end":{"line":99,"column":5}},"loc":{"start":{"line":79,"column":4},"end":{"line":99,"column":5}},"line":79},"2":{"name":"addParticipant","decl":{"start":{"line":100,"column":4},"end":{"line":106,"column":5}},"loc":{"start":{"line":100,"column":4},"end":{"line":106,"column":5}},"line":100},"3":{"name":"removeParticipant","decl":{"start":{"line":107,"column":4},"end":{"line":109,"column":5}},"loc":{"start":{"line":107,"column":4},"end":{"line":109,"column":5}},"line":107},"4":{"name":"fetchCompanies","decl":{"start":{"line":110,"column":4},"end":{"line":117,"column":5}},"loc":{"start":{"line":110,"column":4},"end":{"line":117,"column":5}},"line":110},"5":{"name":"mounted","decl":{"start":{"line":119,"column":3},"end":{"line":121,"column":3}},"loc":{"start":{"line":119,"column":3},"end":{"line":121,"column":3}},"line":119},"6":{"name":"onUpdate:modelValue._cache.<computed>._cache.<computed>","decl":{"start":{"line":1,"column":0},"end":{"line":7,"column":86}},"loc":{"start":{"line":1,"column":0},"end":{"line":7,"column":86}},"line":1},"7":{"name":"onUpdate:modelValue._cache.<computed>._cache.<computed>","decl":{"start":{"line":1,"column":0},"end":{"line":11,"column":59}},"loc":{"start":{"line":1,"column":0},"end":{"line":11,"column":59}},"line":1},"8":{"name":"onUpdate:modelValue._cache.<computed>._cache.<computed>","decl":{"start":{"line":1,"column":0},"end":{"line":15,"column":62}},"loc":{"start":{"line":1,"column":0},"end":{"line":15,"column":62}},"line":1},"9":{"name":"onUpdate:modelValue._cache.<computed>._cache.<computed>","decl":{"start":{"line":1,"column":0},"end":{"line":19,"column":50}},"loc":{"start":{"line":1,"column":0},"end":{"line":19,"column":50}},"line":1},"10":{"name":"onUpdate:modelValue._cache.<computed>._cache.<computed>","decl":{"start":{"line":1,"column":0},"end":{"line":27,"column":69}},"loc":{"start":{"line":1,"column":0},"end":{"line":27,"column":69}},"line":1},"11":{"name":"onUpdate:modelValue._cache.<computed>._cache.<computed>","decl":{"start":{"line":1,"column":0},"end":{"line":31,"column":65}},"loc":{"start":{"line":1,"column":0},"end":{"line":31,"column":65}},"line":1},"12":{"name":"onUpdate:modelValue._cache.<computed>._cache.<computed>","decl":{"start":{"line":1,"column":0},"end":{"line":36,"column":72}},"loc":{"start":{"line":1,"column":0},"end":{"line":36,"column":72}},"line":1},"13":{"name":"onClick._cache.<computed>._cache.<computed>","decl":{"start":{"line":37,"column":38},"end":{"line":37,"column":56}},"loc":{"start":{"line":37,"column":38},"end":{"line":37,"column":56}},"line":37},"14":{"name":"onClick","decl":{"start":{"line":41,"column":50},"end":{"line":41,"column":78}},"loc":{"start":{"line":41,"column":50},"end":{"line":41,"column":78}},"line":41},"15":{"name":"onUpdate:modelValue._cache.<computed>._cache.<computed>","decl":{"start":{"line":1,"column":0},"end":{"line":47,"column":54}},"loc":{"start":{"line":1,"column":0},"end":{"line":47,"column":54}},"line":1}},"f":{"0":1,"1":1,"2":0,"3":0,"4":1,"5":1,"6":0,"7":0,"8":0,"9":0,"10":0,"11":0,"12":0,"13":0,"14":0,"15":0}}
,"C:\\Users\\Lou-Ann\\OneDrive - Groupe Scolaire La Croix-Rouge\\Documents\\CIPA5\\projet cipasimal\\projet_DP_IHM\\src\\views\\DashboardView.vue": {"path":"C:\\Users\\Lou-Ann\\OneDrive - Groupe Scolaire La Croix-Rouge\\Documents\\CIPA5\\projet cipasimal\\projet_DP_IHM\\src\\views\\DashboardView.vue","all":false,"statementMap":{"0":{"start":{"line":1,"column":0},"end":{"line":1,"column":10}},"1":{"start":{"line":2,"column":0},"end":{"line":2,"column":35}},"2":{"start":{"line":3,"column":0},"end":{"line":3,"column":25}},"3":{"start":{"line":4,"column":0},"end":{"line":4,"column":27}},"4":{"start":{"line":5,"column":0},"end":{"line":5,"column":35}},"5":{"start":{"line":6,"column":0},"end":{"line":6,"column":30}},"6":{"start":{"line":7,"column":0},"end":{"line":7,"column":74}},"7":{"start":{"line":8,"column":0},"end":{"line":8,"column":14}},"8":{"start":{"line":9,"column":0},"end":{"line":9,"column":30}},"9":{"start":{"line":10,"column":0},"end":{"line":10,"column":53}},"10":{"start":{"line":11,"column":0},"end":{"line":11,"column":14}},"11":{"start":{"line":12,"column":0},"end":{"line":12,"column":12}},"12":{"start":{"line":13,"column":0},"end":{"line":13,"column":32}},"13":{"start":{"line":14,"column":0},"end":{"line":14,"column":28}},"14":{"start":{"line":15,"column":0},"end":{"line":15,"column":75}},"15":{"start":{"line":16,"column":0},"end":{"line":16,"column":38}},"16":{"start":{"line":17,"column":0},"end":{"line":17,"column":123}},"17":{"start":{"line":18,"column":0},"end":{"line":18,"column":56}},"18":{"start":{"line":19,"column":0},"end":{"line":19,"column":14}},"19":{"start":{"line":20,"column":0},"end":{"line":20,"column":12}},"20":{"start":{"line":21,"column":0},"end":{"line":21,"column":10}},"21":{"start":{"line":22,"column":0},"end":{"line":22,"column":30}},"22":{"start":{"line":23,"column":0},"end":{"line":23,"column":34}},"23":{"start":{"line":24,"column":0},"end":{"line":24,"column":47}},"24":{"start":{"line":25,"column":0},"end":{"line":25,"column":10}},"25":{"start":{"line":26,"column":0},"end":{"line":26,"column":8}},"29":{"start":{"line":30,"column":0},"end":{"line":30,"column":26}},"30":{"start":{"line":31,"column":0},"end":{"line":31,"column":48}},"32":{"start":{"line":33,"column":0},"end":{"line":33,"column":33}},"34":{"start":{"line":35,"column":0},"end":{"line":35,"column":16}},"35":{"start":{"line":36,"column":0},"end":{"line":36,"column":10}},"36":{"start":{"line":37,"column":0},"end":{"line":37,"column":12}},"37":{"start":{"line":38,"column":0},"end":{"line":38,"column":19}},"38":{"start":{"line":39,"column":0},"end":{"line":39,"column":26}},"39":{"start":{"line":40,"column":0},"end":{"line":40,"column":6}},"40":{"start":{"line":41,"column":0},"end":{"line":41,"column":4}},"41":{"start":{"line":42,"column":0},"end":{"line":42,"column":19}},"42":{"start":{"line":43,"column":0},"end":{"line":43,"column":31}},"43":{"start":{"line":44,"column":0},"end":{"line":44,"column":26}},"44":{"start":{"line":45,"column":0},"end":{"line":45,"column":25}},"45":{"start":{"line":46,"column":0},"end":{"line":46,"column":7}},"46":{"start":{"line":47,"column":0},"end":{"line":47,"column":4}},"47":{"start":{"line":48,"column":0},"end":{"line":48,"column":12}},"48":{"start":{"line":49,"column":0},"end":{"line":49,"column":27}},"49":{"start":{"line":50,"column":0},"end":{"line":50,"column":11}},"50":{"start":{"line":51,"column":0},"end":{"line":51,"column":52}},"51":{"start":{"line":52,"column":0},"end":{"line":52,"column":91}},"52":{"start":{"line":53,"column":0},"end":{"line":53,"column":56}},"53":{"start":{"line":54,"column":0},"end":{"line":54,"column":11}},"55":{"start":{"line":56,"column":0},"end":{"line":56,"column":38}},"57":{"start":{"line":58,"column":0},"end":{"line":58,"column":97}},"58":{"start":{"line":59,"column":0},"end":{"line":59,"column":23}},"59":{"start":{"line":60,"column":0},"end":{"line":60,"column":76}},"60":{"start":{"line":61,"column":0},"end":{"line":61,"column":7}},"61":{"start":{"line":62,"column":0},"end":{"line":62,"column":6}},"63":{"start":{"line":64,"column":0},"end":{"line":64,"column":19}},"64":{"start":{"line":65,"column":0},"end":{"line":65,"column":64}},"65":{"start":{"line":66,"column":0},"end":{"line":66,"column":23}},"67":{"start":{"line":68,"column":0},"end":{"line":68,"column":39}},"68":{"start":{"line":69,"column":0},"end":{"line":69,"column":65}},"69":{"start":{"line":70,"column":0},"end":{"line":70,"column":42}},"70":{"start":{"line":71,"column":0},"end":{"line":71,"column":56}},"71":{"start":{"line":72,"column":0},"end":{"line":72,"column":40}},"72":{"start":{"line":73,"column":0},"end":{"line":73,"column":9}},"73":{"start":{"line":74,"column":0},"end":{"line":74,"column":9}},"75":{"start":{"line":76,"column":0},"end":{"line":76,"column":49}},"76":{"start":{"line":77,"column":0},"end":{"line":77,"column":31}},"77":{"start":{"line":78,"column":0},"end":{"line":78,"column":37}},"78":{"start":{"line":79,"column":0},"end":{"line":79,"column":7}},"80":{"start":{"line":81,"column":0},"end":{"line":81,"column":27}},"81":{"start":{"line":82,"column":0},"end":{"line":82,"column":43}},"82":{"start":{"line":83,"column":0},"end":{"line":83,"column":20}},"83":{"start":{"line":84,"column":0},"end":{"line":84,"column":15}},"84":{"start":{"line":85,"column":0},"end":{"line":85,"column":52}},"85":{"start":{"line":86,"column":0},"end":{"line":86,"column":21}},"86":{"start":{"line":87,"column":0},"end":{"line":87,"column":13}},"87":{"start":{"line":88,"column":0},"end":{"line":88,"column":41}},"88":{"start":{"line":89,"column":0},"end":{"line":89,"column":84}},"89":{"start":{"line":90,"column":0},"end":{"line":90,"column":65}},"90":{"start":{"line":91,"column":0},"end":{"line":91,"column":14}},"91":{"start":{"line":92,"column":0},"end":{"line":92,"column":12}},"92":{"start":{"line":93,"column":0},"end":{"line":93,"column":10}},"93":{"start":{"line":94,"column":0},"end":{"line":94,"column":18}},"94":{"start":{"line":95,"column":0},"end":{"line":95,"column":27}},"95":{"start":{"line":96,"column":0},"end":{"line":96,"column":20}},"96":{"start":{"line":97,"column":0},"end":{"line":97,"column":39}},"97":{"start":{"line":98,"column":0},"end":{"line":98,"column":12}},"98":{"start":{"line":99,"column":0},"end":{"line":99,"column":19}},"99":{"start":{"line":100,"column":0},"end":{"line":100,"column":16}},"100":{"start":{"line":101,"column":0},"end":{"line":101,"column":32}},"101":{"start":{"line":102,"column":0},"end":{"line":102,"column":14}},"102":{"start":{"line":103,"column":0},"end":{"line":103,"column":12}},"103":{"start":{"line":104,"column":0},"end":{"line":104,"column":10}},"104":{"start":{"line":105,"column":0},"end":{"line":105,"column":9}},"105":{"start":{"line":106,"column":0},"end":{"line":106,"column":6}},"106":{"start":{"line":107,"column":0},"end":{"line":107,"column":26}},"107":{"start":{"line":108,"column":0},"end":{"line":108,"column":83}},"108":{"start":{"line":109,"column":0},"end":{"line":109,"column":6}},"109":{"start":{"line":110,"column":0},"end":{"line":110,"column":4}},"110":{"start":{"line":111,"column":0},"end":{"line":111,"column":10}},"111":{"start":{"line":112,"column":0},"end":{"line":112,"column":15}},"112":{"start":{"line":113,"column":0},"end":{"line":113,"column":17}},"113":{"start":{"line":114,"column":0},"end":{"line":114,"column":27}},"114":{"start":{"line":115,"column":0},"end":{"line":115,"column":8}},"115":{"start":{"line":116,"column":0},"end":{"line":116,"column":17}},"116":{"start":{"line":117,"column":0},"end":{"line":117,"column":6}},"117":{"start":{"line":118,"column":0},"end":{"line":118,"column":4}},"118":{"start":{"line":119,"column":0},"end":{"line":119,"column":2}}},"s":{"0":1,"1":1,"2":1,"3":1,"4":1,"5":1,"6":1,"7":1,"8":1,"9":1,"10":1,"11":1,"12":1,"13":1,"14":1,"15":1,"16":1,"17":1,"18":1,"19":1,"20":1,"21":1,"22":1,"23":1,"24":1,"25":1,"29":1,"30":1,"32":1,"34":1,"35":1,"36":3,"37":3,"38":3,"39":3,"40":1,"41":1,"42":3,"43":3,"44":3,"45":3,"46":1,"47":1,"48":1,"49":3,"50":3,"51":3,"52":3,"53":3,"55":3,"57":3,"58":3,"59":0,"60":0,"61":1,"63":1,"64":6,"65":6,"67":0,"68":0,"69":0,"70":0,"71":0,"72":0,"73":0,"75":0,"76":0,"77":0,"78":0,"80":0,"81":0,"82":0,"83":0,"84":0,"85":0,"86":0,"87":0,"88":0,"89":0,"90":0,"91":0,"92":0,"93":0,"94":0,"95":0,"96":0,"97":0,"98":0,"99":0,"100":0,"101":0,"102":0,"103":0,"104":0,"105":1,"106":1,"107":0,"108":1,"109":1,"110":1,"111":1,"112":1,"113":3,"114":1,"115":1,"116":1,"117":1,"118":1},"branchMap":{"0":{"type":"branch","line":36,"loc":{"start":{"line":36,"column":2},"end":{"line":41,"column":3}},"locations":[{"start":{"line":36,"column":2},"end":{"line":41,"column":3}}]},"1":{"type":"branch","line":42,"loc":{"start":{"line":42,"column":2},"end":{"line":47,"column":3}},"locations":[{"start":{"line":42,"column":2},"end":{"line":47,"column":3}}]},"2":{"type":"branch","line":44,"loc":{"start":{"line":44,"column":19},"end":{"line":46,"column":5}},"locations":[{"start":{"line":44,"column":19},"end":{"line":46,"column":5}}]},"3":{"type":"branch","line":49,"loc":{"start":{"line":49,"column":4},"end":{"line":62,"column":5}},"locations":[{"start":{"line":49,"column":4},"end":{"line":62,"column":5}}]},"4":{"type":"branch","line":59,"loc":{"start":{"line":59,"column":8},"end":{"line":61,"column":7}},"locations":[{"start":{"line":59,"column":8},"end":{"line":61,"column":7}}]},"5":{"type":"branch","line":64,"loc":{"start":{"line":64,"column":4},"end":{"line":106,"column":5}},"locations":[{"start":{"line":64,"column":4},"end":{"line":106,"column":5}}]},"6":{"type":"branch","line":66,"loc":{"start":{"line":66,"column":22},"end":{"line":106,"column":5}},"locations":[{"start":{"line":66,"column":22},"end":{"line":106,"column":5}}]},"7":{"type":"branch","line":113,"loc":{"start":{"line":113,"column":6},"end":{"line":115,"column":7}},"locations":[{"start":{"line":113,"column":6},"end":{"line":115,"column":7}}]},"8":{"type":"branch","line":4,"loc":{"start":{"line":4,"column":6},"end":{"line":4,"column":27}},"locations":[{"start":{"line":4,"column":6},"end":{"line":4,"column":27}}]},"9":{"type":"branch","line":7,"loc":{"start":{"line":7,"column":13},"end":{"line":7,"column":48}},"locations":[{"start":{"line":7,"column":13},"end":{"line":7,"column":48}}]},"10":{"type":"branch","line":13,"loc":{"start":{"line":13,"column":6},"end":{"line":13,"column":32}},"locations":[{"start":{"line":13,"column":6},"end":{"line":13,"column":32}}]},"11":{"type":"branch","line":17,"loc":{"start":{"line":17,"column":46},"end":{"line":17,"column":82}},"locations":[{"start":{"line":17,"column":46},"end":{"line":17,"column":82}}]},"12":{"type":"branch","line":17,"loc":{"start":{"line":17,"column":75},"end":{"line":17,"column":108}},"locations":[{"start":{"line":17,"column":75},"end":{"line":17,"column":108}}]}},"b":{"0":[3],"1":[3],"2":[3],"3":[3],"4":[0],"5":[6],"6":[0],"7":[3],"8":[3],"9":[3],"10":[3],"11":[0],"12":[0]},"fnMap":{"0":{"name":"data","decl":{"start":{"line":36,"column":2},"end":{"line":41,"column":3}},"loc":{"start":{"line":36,"column":2},"end":{"line":41,"column":3}},"line":36},"1":{"name":"mounted","decl":{"start":{"line":42,"column":2},"end":{"line":47,"column":3}},"loc":{"start":{"line":42,"column":2},"end":{"line":47,"column":3}},"line":42},"2":{"name":"fetchProjects","decl":{"start":{"line":49,"column":4},"end":{"line":62,"column":5}},"loc":{"start":{"line":49,"column":4},"end":{"line":62,"column":5}},"line":49},"3":{"name":"renderChart","decl":{"start":{"line":64,"column":4},"end":{"line":106,"column":5}},"loc":{"start":{"line":64,"column":4},"end":{"line":106,"column":5}},"line":64},"4":{"name":"goToProject","decl":{"start":{"line":107,"column":4},"end":{"line":109,"column":5}},"loc":{"start":{"line":107,"column":4},"end":{"line":109,"column":5}},"line":107},"5":{"name":"handler","decl":{"start":{"line":113,"column":6},"end":{"line":115,"column":7}},"loc":{"start":{"line":113,"column":6},"end":{"line":115,"column":7}},"line":113}},"f":{"0":3,"1":3,"2":3,"3":6,"4":0,"5":3}}
,"C:\\Users\\Lou-Ann\\OneDrive - Groupe Scolaire La Croix-Rouge\\Documents\\CIPA5\\projet cipasimal\\projet_DP_IHM\\src\\views\\Description.vue": {"path":"C:\\Users\\Lou-Ann\\OneDrive - Groupe Scolaire La Croix-Rouge\\Documents\\CIPA5\\projet cipasimal\\projet_DP_IHM\\src\\views\\Description.vue","all":false,"statementMap":{"0":{"start":{"line":1,"column":0},"end":{"line":1,"column":10}},"1":{"start":{"line":2,"column":0},"end":{"line":2,"column":37}},"2":{"start":{"line":3,"column":0},"end":{"line":3,"column":55}},"3":{"start":{"line":4,"column":0},"end":{"line":4,"column":48}},"4":{"start":{"line":5,"column":0},"end":{"line":5,"column":68}},"5":{"start":{"line":6,"column":0},"end":{"line":6,"column":78}},"6":{"start":{"line":7,"column":0},"end":{"line":7,"column":65}},"7":{"start":{"line":8,"column":0},"end":{"line":8,"column":69}},"8":{"start":{"line":9,"column":0},"end":{"line":9,"column":65}},"9":{"start":{"line":10,"column":0},"end":{"line":10,"column":45}},"10":{"start":{"line":11,"column":0},"end":{"line":11,"column":10}},"11":{"start":{"line":12,"column":0},"end":{"line":12,"column":81}},"12":{"start":{"line":13,"column":0},"end":{"line":13,"column":33}},"13":{"start":{"line":14,"column":0},"end":{"line":14,"column":13}},"14":{"start":{"line":15,"column":0},"end":{"line":15,"column":11}},"15":{"start":{"line":16,"column":0},"end":{"line":16,"column":64}},"17":{"start":{"line":18,"column":0},"end":{"line":18,"column":10}},"18":{"start":{"line":19,"column":0},"end":{"line":19,"column":16}},"19":{"start":{"line":20,"column":0},"end":{"line":20,"column":48}},"20":{"start":{"line":21,"column":0},"end":{"line":21,"column":10}},"21":{"start":{"line":22,"column":0},"end":{"line":22,"column":75}},"22":{"start":{"line":23,"column":0},"end":{"line":23,"column":8}},"26":{"start":{"line":27,"column":0},"end":{"line":27,"column":26}},"28":{"start":{"line":29,"column":0},"end":{"line":29,"column":16}},"29":{"start":{"line":30,"column":0},"end":{"line":30,"column":10}},"30":{"start":{"line":31,"column":0},"end":{"line":31,"column":12}},"31":{"start":{"line":32,"column":0},"end":{"line":32,"column":20}},"32":{"start":{"line":33,"column":0},"end":{"line":33,"column":6}},"33":{"start":{"line":34,"column":0},"end":{"line":34,"column":4}},"34":{"start":{"line":35,"column":0},"end":{"line":35,"column":19}},"35":{"start":{"line":36,"column":0},"end":{"line":36,"column":30}},"36":{"start":{"line":37,"column":0},"end":{"line":37,"column":4}},"37":{"start":{"line":38,"column":0},"end":{"line":38,"column":10}},"38":{"start":{"line":39,"column":0},"end":{"line":39,"column":46}},"39":{"start":{"line":40,"column":0},"end":{"line":40,"column":32}},"40":{"start":{"line":41,"column":0},"end":{"line":41,"column":5}},"41":{"start":{"line":42,"column":0},"end":{"line":42,"column":4}},"42":{"start":{"line":43,"column":0},"end":{"line":43,"column":12}},"43":{"start":{"line":44,"column":0},"end":{"line":44,"column":26}},"44":{"start":{"line":45,"column":0},"end":{"line":45,"column":52}},"45":{"start":{"line":46,"column":0},"end":{"line":46,"column":11}},"46":{"start":{"line":47,"column":0},"end":{"line":47,"column":52}},"47":{"start":{"line":48,"column":0},"end":{"line":48,"column":91}},"48":{"start":{"line":49,"column":0},"end":{"line":49,"column":56}},"49":{"start":{"line":50,"column":0},"end":{"line":50,"column":11}},"51":{"start":{"line":52,"column":0},"end":{"line":52,"column":51}},"52":{"start":{"line":53,"column":0},"end":{"line":53,"column":79}},"54":{"start":{"line":55,"column":0},"end":{"line":55,"column":76}},"55":{"start":{"line":56,"column":0},"end":{"line":56,"column":65}},"56":{"start":{"line":57,"column":0},"end":{"line":57,"column":67}},"57":{"start":{"line":58,"column":0},"end":{"line":58,"column":9}},"58":{"start":{"line":59,"column":0},"end":{"line":59,"column":23}},"59":{"start":{"line":60,"column":0},"end":{"line":60,"column":76}},"60":{"start":{"line":61,"column":0},"end":{"line":61,"column":7}},"61":{"start":{"line":62,"column":0},"end":{"line":62,"column":6}},"62":{"start":{"line":63,"column":0},"end":{"line":63,"column":14}},"63":{"start":{"line":64,"column":0},"end":{"line":64,"column":33}},"64":{"start":{"line":65,"column":0},"end":{"line":65,"column":6}},"65":{"start":{"line":66,"column":0},"end":{"line":66,"column":4}},"66":{"start":{"line":67,"column":0},"end":{"line":67,"column":2}}},"s":{"0":1,"1":1,"2":1,"3":1,"4":1,"5":1,"6":1,"7":1,"8":1,"9":1,"10":1,"11":1,"12":1,"13":1,"14":1,"15":1,"17":1,"18":1,"19":1,"20":1,"21":1,"22":1,"26":1,"28":1,"29":1,"30":3,"31":3,"32":3,"33":1,"34":1,"35":3,"36":1,"37":1,"38":1,"39":0,"40":0,"41":1,"42":1,"43":1,"44":3,"45":3,"46":3,"47":3,"48":3,"49":3,"51":2,"52":2,"54":2,"55":3,"56":1,"57":1,"58":3,"59":1,"60":1,"61":1,"62":1,"63":1,"64":1,"65":1,"66":1},"branchMap":{"0":{"type":"branch","line":30,"loc":{"start":{"line":30,"column":2},"end":{"line":34,"column":3}},"locations":[{"start":{"line":30,"column":2},"end":{"line":34,"column":3}}]},"1":{"type":"branch","line":35,"loc":{"start":{"line":35,"column":2},"end":{"line":37,"column":3}},"locations":[{"start":{"line":35,"column":2},"end":{"line":37,"column":3}}]},"2":{"type":"branch","line":44,"loc":{"start":{"line":44,"column":4},"end":{"line":62,"column":5}},"locations":[{"start":{"line":44,"column":4},"end":{"line":62,"column":5}}]},"3":{"type":"branch","line":50,"loc":{"start":{"line":50,"column":10},"end":{"line":56,"column":25}},"locations":[{"start":{"line":50,"column":10},"end":{"line":56,"column":25}}]},"4":{"type":"branch","line":56,"loc":{"start":{"line":56,"column":25},"end":{"line":56,"column":62}},"locations":[{"start":{"line":56,"column":25},"end":{"line":56,"column":62}}]},"5":{"type":"branch","line":56,"loc":{"start":{"line":56,"column":64},"end":{"line":58,"column":9}},"locations":[{"start":{"line":56,"column":64},"end":{"line":58,"column":9}}]},"6":{"type":"branch","line":59,"loc":{"start":{"line":59,"column":8},"end":{"line":61,"column":7}},"locations":[{"start":{"line":59,"column":8},"end":{"line":61,"column":7}}]},"7":{"type":"branch","line":53,"loc":{"start":{"line":53,"column":42},"end":{"line":53,"column":77}},"locations":[{"start":{"line":53,"column":42},"end":{"line":53,"column":77}}]},"8":{"type":"branch","line":63,"loc":{"start":{"line":63,"column":4},"end":{"line":65,"column":5}},"locations":[{"start":{"line":63,"column":4},"end":{"line":65,"column":5}}]},"9":{"type":"branch","line":3,"loc":{"start":{"line":3,"column":40},"end":{"line":3,"column":47}},"locations":[{"start":{"line":3,"column":40},"end":{"line":3,"column":47}}]},"10":{"type":"branch","line":22,"loc":{"start":{"line":22,"column":18},"end":{"line":22,"column":28}},"locations":[{"start":{"line":22,"column":18},"end":{"line":22,"column":28}}]},"11":{"type":"branch","line":22,"loc":{"start":{"line":22,"column":18},"end":{"line":22,"column":28}},"locations":[{"start":{"line":22,"column":18},"end":{"line":22,"column":28}}]}},"b":{"0":[3],"1":[3],"2":[3],"3":[2],"4":[1],"5":[1],"6":[1],"7":[1],"8":[1],"9":[1],"10":[3],"11":[1]},"fnMap":{"0":{"name":"data","decl":{"start":{"line":30,"column":2},"end":{"line":34,"column":3}},"loc":{"start":{"line":30,"column":2},"end":{"line":34,"column":3}},"line":30},"1":{"name":"created","decl":{"start":{"line":35,"column":2},"end":{"line":37,"column":3}},"loc":{"start":{"line":35,"column":2},"end":{"line":37,"column":3}},"line":35},"2":{"name":"$route.params.title","decl":{"start":{"line":39,"column":27},"end":{"line":41,"column":5}},"loc":{"start":{"line":39,"column":27},"end":{"line":41,"column":5}},"line":39},"3":{"name":"fetchProject","decl":{"start":{"line":44,"column":4},"end":{"line":62,"column":5}},"loc":{"start":{"line":44,"column":4},"end":{"line":62,"column":5}},"line":44},"4":{"name":"goBack","decl":{"start":{"line":63,"column":4},"end":{"line":65,"column":5}},"loc":{"start":{"line":63,"column":4},"end":{"line":65,"column":5}},"line":63},"5":{"name":"onClick._cache.<computed>._cache.<computed>","decl":{"start":{"line":22,"column":18},"end":{"line":22,"column":28}},"loc":{"start":{"line":22,"column":18},"end":{"line":22,"column":28}},"line":22}},"f":{"0":3,"1":3,"2":0,"3":3,"4":1,"5":1}}
,"C:\\Users\\Lou-Ann\\OneDrive - Groupe Scolaire La Croix-Rouge\\Documents\\CIPA5\\projet cipasimal\\projet_DP_IHM\\src\\views\\HomeView.vue": {"path":"C:\\Users\\Lou-Ann\\OneDrive - Groupe Scolaire La Croix-Rouge\\Documents\\CIPA5\\projet cipasimal\\projet_DP_IHM\\src\\views\\HomeView.vue","all":false,"statementMap":{"0":{"start":{"line":1,"column":0},"end":{"line":1,"column":10}},"1":{"start":{"line":2,"column":0},"end":{"line":2,"column":30}},"2":{"start":{"line":3,"column":0},"end":{"line":3,"column":44}},"3":{"start":{"line":4,"column":0},"end":{"line":4,"column":80}},"4":{"start":{"line":5,"column":0},"end":{"line":5,"column":25}},"5":{"start":{"line":6,"column":0},"end":{"line":6,"column":30}},"6":{"start":{"line":7,"column":0},"end":{"line":7,"column":121}},"7":{"start":{"line":8,"column":0},"end":{"line":8,"column":48}},"8":{"start":{"line":9,"column":0},"end":{"line":9,"column":65}},"9":{"start":{"line":10,"column":0},"end":{"line":10,"column":52}},"10":{"start":{"line":11,"column":0},"end":{"line":11,"column":50}},"11":{"start":{"line":12,"column":0},"end":{"line":12,"column":48}},"12":{"start":{"line":13,"column":0},"end":{"line":13,"column":17}},"13":{"start":{"line":14,"column":0},"end":{"line":14,"column":51}},"14":{"start":{"line":15,"column":0},"end":{"line":15,"column":63}},"15":{"start":{"line":16,"column":0},"end":{"line":16,"column":101}},"16":{"start":{"line":17,"column":0},"end":{"line":17,"column":17}},"17":{"start":{"line":18,"column":0},"end":{"line":18,"column":12}},"18":{"start":{"line":19,"column":0},"end":{"line":19,"column":30}},"19":{"start":{"line":20,"column":0},"end":{"line":20,"column":108}},"20":{"start":{"line":21,"column":0},"end":{"line":21,"column":104}},"21":{"start":{"line":22,"column":0},"end":{"line":22,"column":54}},"22":{"start":{"line":23,"column":0},"end":{"line":23,"column":12}},"23":{"start":{"line":24,"column":0},"end":{"line":24,"column":10}},"24":{"start":{"line":25,"column":0},"end":{"line":25,"column":26}},"25":{"start":{"line":26,"column":0},"end":{"line":26,"column":57}},"26":{"start":{"line":27,"column":0},"end":{"line":27,"column":81}},"27":{"start":{"line":28,"column":0},"end":{"line":28,"column":18}},"28":{"start":{"line":29,"column":0},"end":{"line":29,"column":119}},"29":{"start":{"line":30,"column":0},"end":{"line":30,"column":46}},"30":{"start":{"line":31,"column":0},"end":{"line":31,"column":123}},"31":{"start":{"line":32,"column":0},"end":{"line":32,"column":56}},"32":{"start":{"line":33,"column":0},"end":{"line":33,"column":14}},"33":{"start":{"line":34,"column":0},"end":{"line":34,"column":12}},"34":{"start":{"line":35,"column":0},"end":{"line":35,"column":10}},"35":{"start":{"line":36,"column":0},"end":{"line":36,"column":8}},"39":{"start":{"line":40,"column":0},"end":{"line":40,"column":26}},"41":{"start":{"line":42,"column":0},"end":{"line":42,"column":16}},"42":{"start":{"line":43,"column":0},"end":{"line":43,"column":10}},"43":{"start":{"line":44,"column":0},"end":{"line":44,"column":12}},"44":{"start":{"line":45,"column":0},"end":{"line":45,"column":19}},"45":{"start":{"line":46,"column":0},"end":{"line":46,"column":28}},"46":{"start":{"line":47,"column":0},"end":{"line":47,"column":16}},"47":{"start":{"line":48,"column":0},"end":{"line":48,"column":24}},"48":{"start":{"line":49,"column":0},"end":{"line":49,"column":26}},"49":{"start":{"line":50,"column":0},"end":{"line":50,"column":22}},"50":{"start":{"line":51,"column":0},"end":{"line":51,"column":20}},"51":{"start":{"line":52,"column":0},"end":{"line":52,"column":29}},"52":{"start":{"line":53,"column":0},"end":{"line":53,"column":8}},"53":{"start":{"line":54,"column":0},"end":{"line":54,"column":20}},"54":{"start":{"line":55,"column":0},"end":{"line":55,"column":6}},"55":{"start":{"line":56,"column":0},"end":{"line":56,"column":4}},"56":{"start":{"line":57,"column":0},"end":{"line":57,"column":13}},"57":{"start":{"line":58,"column":0},"end":{"line":58,"column":24}},"58":{"start":{"line":59,"column":0},"end":{"line":59,"column":46}},"59":{"start":{"line":60,"column":0},"end":{"line":60,"column":92}},"60":{"start":{"line":61,"column":0},"end":{"line":61,"column":88}},"61":{"start":{"line":62,"column":0},"end":{"line":62,"column":97}},"62":{"start":{"line":63,"column":0},"end":{"line":63,"column":91}},"64":{"start":{"line":65,"column":0},"end":{"line":65,"column":16}},"65":{"start":{"line":66,"column":0},"end":{"line":66,"column":92}},"66":{"start":{"line":67,"column":0},"end":{"line":67,"column":91}},"67":{"start":{"line":68,"column":0},"end":{"line":68,"column":70}},"68":{"start":{"line":69,"column":0},"end":{"line":69,"column":64}},"69":{"start":{"line":70,"column":0},"end":{"line":70,"column":119}},"70":{"start":{"line":71,"column":0},"end":{"line":71,"column":10}},"71":{"start":{"line":72,"column":0},"end":{"line":72,"column":9}},"72":{"start":{"line":73,"column":0},"end":{"line":73,"column":6}},"73":{"start":{"line":74,"column":0},"end":{"line":74,"column":4}},"74":{"start":{"line":75,"column":0},"end":{"line":75,"column":12}},"75":{"start":{"line":76,"column":0},"end":{"line":76,"column":27}},"76":{"start":{"line":77,"column":0},"end":{"line":77,"column":50}},"77":{"start":{"line":78,"column":0},"end":{"line":78,"column":19}},"78":{"start":{"line":79,"column":0},"end":{"line":79,"column":60}},"79":{"start":{"line":80,"column":0},"end":{"line":80,"column":15}},"80":{"start":{"line":81,"column":0},"end":{"line":81,"column":7}},"82":{"start":{"line":83,"column":0},"end":{"line":83,"column":11}},"83":{"start":{"line":84,"column":0},"end":{"line":84,"column":91}},"84":{"start":{"line":85,"column":0},"end":{"line":85,"column":20}},"85":{"start":{"line":86,"column":0},"end":{"line":86,"column":45}},"86":{"start":{"line":87,"column":0},"end":{"line":87,"column":12}},"87":{"start":{"line":88,"column":0},"end":{"line":88,"column":11}},"88":{"start":{"line":89,"column":0},"end":{"line":89,"column":55}},"89":{"start":{"line":90,"column":0},"end":{"line":90,"column":21}},"90":{"start":{"line":91,"column":0},"end":{"line":91,"column":58}},"91":{"start":{"line":92,"column":0},"end":{"line":92,"column":54}},"92":{"start":{"line":93,"column":0},"end":{"line":93,"column":12}},"93":{"start":{"line":94,"column":0},"end":{"line":94,"column":57}},"94":{"start":{"line":95,"column":0},"end":{"line":95,"column":120}},"95":{"start":{"line":96,"column":0},"end":{"line":96,"column":23}},"96":{"start":{"line":97,"column":0},"end":{"line":97,"column":76}},"97":{"start":{"line":98,"column":0},"end":{"line":98,"column":17}},"98":{"start":{"line":99,"column":0},"end":{"line":99,"column":29}},"99":{"start":{"line":100,"column":0},"end":{"line":100,"column":7}},"100":{"start":{"line":101,"column":0},"end":{"line":101,"column":6}},"101":{"start":{"line":102,"column":0},"end":{"line":102,"column":20}},"102":{"start":{"line":103,"column":0},"end":{"line":103,"column":67}},"103":{"start":{"line":104,"column":0},"end":{"line":104,"column":63}},"104":{"start":{"line":105,"column":0},"end":{"line":105,"column":68}},"105":{"start":{"line":106,"column":0},"end":{"line":106,"column":89}},"106":{"start":{"line":107,"column":0},"end":{"line":107,"column":6}},"107":{"start":{"line":108,"column":0},"end":{"line":108,"column":20}},"108":{"start":{"line":109,"column":0},"end":{"line":109,"column":22}},"109":{"start":{"line":110,"column":0},"end":{"line":110,"column":24}},"110":{"start":{"line":111,"column":0},"end":{"line":111,"column":26}},"111":{"start":{"line":112,"column":0},"end":{"line":112,"column":22}},"112":{"start":{"line":113,"column":0},"end":{"line":113,"column":20}},"113":{"start":{"line":114,"column":0},"end":{"line":114,"column":29}},"114":{"start":{"line":115,"column":0},"end":{"line":115,"column":8}},"115":{"start":{"line":116,"column":0},"end":{"line":116,"column":6}},"116":{"start":{"line":117,"column":0},"end":{"line":117,"column":21}},"117":{"start":{"line":118,"column":0},"end":{"line":118,"column":38}},"118":{"start":{"line":119,"column":0},"end":{"line":119,"column":6}},"119":{"start":{"line":120,"column":0},"end":{"line":120,"column":31}},"120":{"start":{"line":121,"column":0},"end":{"line":121,"column":24}},"121":{"start":{"line":122,"column":0},"end":{"line":122,"column":59}},"122":{"start":{"line":123,"column":0},"end":{"line":123,"column":15}},"123":{"start":{"line":124,"column":0},"end":{"line":124,"column":5}},"124":{"start":{"line":125,"column":0},"end":{"line":125,"column":80}},"125":{"start":{"line":126,"column":0},"end":{"line":126,"column":6}},"127":{"start":{"line":128,"column":0},"end":{"line":128,"column":22}},"128":{"start":{"line":129,"column":0},"end":{"line":129,"column":49}},"129":{"start":{"line":130,"column":0},"end":{"line":130,"column":39}},"130":{"start":{"line":131,"column":0},"end":{"line":131,"column":6}},"131":{"start":{"line":132,"column":0},"end":{"line":132,"column":35}},"132":{"start":{"line":133,"column":0},"end":{"line":133,"column":49}},"133":{"start":{"line":134,"column":0},"end":{"line":134,"column":39}},"134":{"start":{"line":135,"column":0},"end":{"line":135,"column":6}},"135":{"start":{"line":136,"column":0},"end":{"line":136,"column":4}},"136":{"start":{"line":137,"column":0},"end":{"line":137,"column":13}},"137":{"start":{"line":138,"column":0},"end":{"line":138,"column":25}},"138":{"start":{"line":139,"column":0},"end":{"line":139,"column":4}},"139":{"start":{"line":140,"column":0},"end":{"line":140,"column":2}}},"s":{"0":0,"1":0,"2":0,"3":0,"4":0,"5":0,"6":0,"7":0,"8":0,"9":0,"10":0,"11":0,"12":0,"13":0,"14":0,"15":0,"16":0,"17":0,"18":0,"19":0,"20":1,"21":1,"22":1,"23":1,"24":1,"25":1,"26":1,"27":1,"28":1,"29":1,"30":1,"31":1,"32":1,"33":1,"34":1,"35":1,"39":1,"41":1,"42":1,"43":5,"44":5,"45":5,"46":5,"47":5,"48":5,"49":5,"50":5,"51":5,"52":5,"53":5,"54":5,"55":1,"56":1,"57":1,"58":0,"59":0,"60":0,"61":0,"62":0,"64":0,"65":0,"66":0,"67":0,"68":0,"69":0,"70":0,"71":0,"72":1,"73":1,"74":1,"75":1,"76":5,"77":5,"78":5,"79":5,"80":5,"82":0,"83":0,"84":0,"85":0,"86":0,"87":0,"88":0,"89":0,"90":0,"91":0,"92":0,"93":0,"94":0,"95":0,"96":0,"97":0,"98":0,"99":0,"100":1,"101":1,"102":0,"103":0,"104":0,"105":0,"106":1,"107":1,"108":1,"109":1,"110":1,"111":1,"112":1,"113":1,"114":1,"115":1,"116":1,"117":1,"118":1,"119":1,"120":0,"121":0,"122":0,"123":0,"124":0,"125":1,"127":1,"128":0,"129":0,"130":1,"131":1,"132":0,"133":0,"134":1,"135":1,"136":1,"137":5,"138":1,"139":1},"branchMap":{"0":{"type":"branch","line":43,"loc":{"start":{"line":43,"column":2},"end":{"line":56,
[...]
olumn":69}},"locations":[{"start":{"line":6,"column":51},"end":{"line":6,"column":69}}]},"20":{"type":"branch","line":7,"loc":{"start":{"line":7,"column":52},"end":{"line":7,"column":71}},"locations":[{"start":{"line":7,"column":52},"end":{"line":7,"column":71}}]},"21":{"type":"branch","line":9,"loc":{"start":{"line":9,"column":19},"end":{"line":9,"column":43}},"locations":[{"start":{"line":9,"column":19},"end":{"line":9,"column":43}}]},"22":{"type":"branch","line":10,"loc":{"start":{"line":10,"column":8},"end":{"line":10,"column":79}},"locations":[{"start":{"line":10,"column":8},"end":{"line":10,"column":79}}]},"23":{"type":"branch","line":1,"loc":{"start":{"line":1,"column":0},"end":{"line":1,"column":10}},"locations":[{"start":{"line":1,"column":0},"end":{"line":1,"column":10}}]},"24":{"type":"branch","line":1,"loc":{"start":{"line":1,"column":0},"end":{"line":11,"column":67}},"locations":[{"start":{"line":1,"column":0},"end":{"line":11,"column":67}}]},"25":{"type":"branch","line":1,"loc":{"start":{"line":1,"column":0},"end":{"line":1,"column":10}},"locations":[{"start":{"line":1,"column":0},"end":{"line":1,"column":10}}]},"26":{"type":"branch","line":1,"loc":{"start":{"line":1,"column":0},"end":{"line":12,"column":68}},"locations":[{"start":{"line":1,"column":0},"end":{"line":12,"column":68}}]},"27":{"type":"branch","line":1,"loc":{"start":{"line":1,"column":0},"end":{"line":1,"column":10}},"locations":[{"start":{"line":1,"column":0},"end":{"line":1,"column":10}}]},"28":{"type":"branch","line":1,"loc":{"start":{"line":1,"column":0},"end":{"line":13,"column":55}},"locations":[{"start":{"line":1,"column":0},"end":{"line":13,"column":55}}]},"29":{"type":"branch","line":14,"loc":{"start":{"line":14,"column":10},"end":{"line":14,"column":75}},"locations":[{"start":{"line":14,"column":10},"end":{"line":14,"column":75}}]},"30":{"type":"branch","line":1,"loc":{"start":{"line":1,"column":0},"end":{"line":1,"column":10}},"locations":[{"start":{"line":1,"column":0},"end":{"line":1,"column":10}}]},"31":{"type":"branch","line":1,"loc":{"start":{"line":1,"column":0},"end":{"line":17,"column":49}},"locations":[{"start":{"line":1,"column":0},"end":{"line":17,"column":49}}]},"32":{"type":"branch","line":1,"loc":{"start":{"line":1,"column":0},"end":{"line":18,"column":55}},"locations":[{"start":{"line":1,"column":0},"end":{"line":18,"column":55}}]},"33":{"type":"branch","line":1,"loc":{"start":{"line":1,"column":0},"end":{"line":19,"column":78}},"locations":[{"start":{"line":1,"column":0},"end":{"line":19,"column":78}}]},"34":{"type":"branch","line":1,"loc":{"start":{"line":1,"column":0},"end":{"line":1,"column":10}},"locations":[{"start":{"line":1,"column":0},"end":{"line":1,"column":10}}]},"35":{"type":"branch","line":20,"loc":{"start":{"line":20,"column":40},"end":{"line":20,"column":82}},"locations":[{"start":{"line":20,"column":40},"end":{"line":20,"column":82}}]},"36":{"type":"branch","line":20,"loc":{"start":{"line":20,"column":40},"end":{"line":20,"column":82}},"locations":[{"start":{"line":20,"column":40},"end":{"line":20,"column":82}}]},"37":{"type":"branch","line":7,"loc":{"start":{"line":7,"column":52},"end":{"line":7,"column":71}},"locations":[{"start":{"line":7,"column":52},"end":{"line":7,"column":71}}]},"38":{"type":"branch","line":1,"loc":{"start":{"line":1,"column":0},"end":{"line":9,"column":43}},"locations":[{"start":{"line":1,"column":0},"end":{"line":9,"column":43}}]},"39":{"type":"branch","line":1,"loc":{"start":{"line":1,"column":0},"end":{"line":17,"column":49}},"locations":[{"start":{"line":1,"column":0},"end":{"line":17,"column":49}}]},"40":{"type":"branch","line":1,"loc":{"start":{"line":1,"column":0},"end":{"line":18,"column":55}},"locations":[{"start":{"line":1,"column":0},"end":{"line":18,"column":55}}]},"41":{"type":"branch","line":1,"loc":{"start":{"line":1,"column":0},"end":{"line":19,"column":78}},"locations":[{"start":{"line":1,"column":0},"end":{"line":19,"column":78}}]}},"b":{"0":[9],"1":[3],"2":[1],"3":[1],"4":[2],"5":[0],"6":[2],"7":[3],"8":[1],"9":[2],"10":[1],"11":[0],"12":[2],"13":[1],"14":[1],"15":[9],"16":[7],"17":[8],"18":[9],"19":[9],"20":[9],"21":[9],"22":[3],"23":[17],"24":[2],"25":[15],"26":[2],"27":[15],"28":[2],"29":[2],"30":[15],"31":[9],"32":[9],"33":[2],"34":[15],"35":[15],"36":[5],"37":[2],"38":[3],"39":[2],"40":[3],"41":[1]},"fnMap":{"0":{"name":"data","decl":{"start":{"line":31,"column":3},"end":{"line":45,"column":3}},"loc":{"start":{"line":31,"column":3},"end":{"line":45,"column":3}},"line":31},"1":{"name":"validatePasswords","decl":{"start":{"line":47,"column":4},"end":{"line":58,"column":5}},"loc":{"start":{"line":47,"column":4},"end":{"line":58,"column":5}},"line":47},"2":{"name":"handleSubmit","decl":{"start":{"line":59,"column":4},"end":{"line":111,"column":5}},"loc":{"start":{"line":59,"column":4},"end":{"line":111,"column":5}},"line":59},"3":{"name":"fetchCompanies","decl":{"start":{"line":111,"column":6},"end":{"line":118,"column":5}},"loc":{"start":{"line":111,"column":6},"end":{"line":118,"column":5}},"line":111},"4":{"name":"mounted","decl":{"start":{"line":120,"column":2},"end":{"line":122,"column":3}},"loc":{"start":{"line":120,"column":2},"end":{"line":122,"column":3}},"line":120},"5":{"name":"onClick._cache.<computed>._cache.<computed>","decl":{"start":{"line":6,"column":51},"end":{"line":6,"column":69}},"loc":{"start":{"line":6,"column":51},"end":{"line":6,"column":69}},"line":6},"6":{"name":"onClick._cache.<computed>._cache.<computed>","decl":{"start":{"line":7,"column":52},"end":{"line":7,"column":71}},"loc":{"start":{"line":7,"column":52},"end":{"line":7,"column":71}},"line":7},"7":{"name":"onUpdate:modelValue._cache.<computed>._cache.<computed>","decl":{"start":{"line":1,"column":0},"end":{"line":11,"column":67}},"loc":{"start":{"line":1,"column":0},"end":{"line":11,"column":67}},"line":1},"8":{"name":"onUpdate:modelValue._cache.<computed>._cache.<computed>","decl":{"start":{"line":1,"column":0},"end":{"line":12,"column":68}},"loc":{"start":{"line":1,"column":0},"end":{"line":12,"column":68}},"line":1},"9":{"name":"onUpdate:modelValue._cache.<computed>._cache.<computed>","decl":{"start":{"line":1,"column":0},"end":{"line":13,"column":55}},"loc":{"start":{"line":1,"column":0},"end":{"line":13,"column":55}},"line":1},"10":{"name":"onUpdate:modelValue._cache.<computed>._cache.<computed>","decl":{"start":{"line":1,"column":0},"end":{"line":17,"column":49}},"loc":{"start":{"line":1,"column":0},"end":{"line":17,"column":49}},"line":1},"11":{"name":"onUpdate:modelValue._cache.<computed>._cache.<computed>","decl":{"start":{"line":1,"column":0},"end":{"line":18,"column":55}},"loc":{"start":{"line":1,"column":0},"end":{"line":18,"column":55}},"line":1},"12":{"name":"onUpdate:modelValue._cache.<computed>._cache.<computed>","decl":{"start":{"line":1,"column":0},"end":{"line":19,"column":78}},"loc":{"start":{"line":1,"column":0},"end":{"line":19,"column":78}},"line":1}},"f":{"0":9,"1":3,"2":3,"3":9,"4":9,"5":0,"6":2,"7":0,"8":0,"9":0,"10":2,"11":3,"12":1}}
,"C:\\Users\\Lou-Ann\\OneDrive - Groupe Scolaire La Croix-Rouge\\Documents\\CIPA5\\projet cipasimal\\projet_DP_IHM\\src\\views\\ProfilView.vue": {"path":"C:\\Users\\Lou-Ann\\OneDrive - Groupe Scolaire La Croix-Rouge\\Documents\\CIPA5\\projet cipasimal\\projet_DP_IHM\\src\\views\\ProfilView.vue","all":false,"statementMap":{"0":{"start":{"line":1,"column":0},"end":{"line":1,"column":10}},"1":{"start":{"line":2,"column":0},"end":{"line":2,"column":33}},"2":{"start":{"line":3,"column":0},"end":{"line":3,"column":31}},"3":{"start":{"line":4,"column":0},"end":{"line":4,"column":21}},"4":{"start":{"line":5,"column":0},"end":{"line":5,"column":33}},"5":{"start":{"line":6,"column":0},"end":{"line":6,"column":27}},"6":{"start":{"line":7,"column":0},"end":{"line":7,"column":53}},"7":{"start":{"line":8,"column":0},"end":{"line":8,"column":12}},"8":{"start":{"line":9,"column":0},"end":{"line":9,"column":33}},"9":{"start":{"line":10,"column":0},"end":{"line":10,"column":30}},"10":{"start":{"line":11,"column":0},"end":{"line":11,"column":54}},"11":{"start":{"line":12,"column":0},"end":{"line":12,"column":12}},"12":{"start":{"line":13,"column":0},"end":{"line":13,"column":33}},"13":{"start":{"line":14,"column":0},"end":{"line":14,"column":34}},"14":{"start":{"line":15,"column":0},"end":{"line":15,"column":39}},"15":{"start":{"line":16,"column":0},"end":{"line":16,"column":63}},"16":{"start":{"line":17,"column":0},"end":{"line":17,"column":114}},"17":{"start":{"line":18,"column":0},"end":{"line":18,"column":17}},"18":{"start":{"line":19,"column":0},"end":{"line":19,"column":12}},"19":{"start":{"line":20,"column":0},"end":{"line":20,"column":33}},"20":{"start":{"line":21,"column":0},"end":{"line":21,"column":36}},"21":{"start":{"line":22,"column":0},"end":{"line":22,"column":99}},"22":{"start":{"line":23,"column":0},"end":{"line":23,"column":12}},"23":{"start":{"line":24,"column":0},"end":{"line":24,"column":33}},"24":{"start":{"line":25,"column":0},"end":{"line":25,"column":49}},"25":{"start":{"line":26,"column":0},"end":{"line":26,"column":99}},"26":{"start":{"line":27,"column":0},"end":{"line":27,"column":12}},"27":{"start":{"line":28,"column":0},"end":{"line":28,"column":72}},"28":{"start":{"line":29,"column":0},"end":{"line":29,"column":10}},"29":{"start":{"line":30,"column":0},"end":{"line":30,"column":16}},"30":{"start":{"line":31,"column":0},"end":{"line":31,"column":53}},"31":{"start":{"line":32,"column":0},"end":{"line":32,"column":63}},"32":{"start":{"line":33,"column":0},"end":{"line":33,"column":10}},"33":{"start":{"line":34,"column":0},"end":{"line":34,"column":8}},"37":{"start":{"line":38,"column":0},"end":{"line":38,"column":37}},"38":{"start":{"line":39,"column":0},"end":{"line":39,"column":26}},"40":{"start":{"line":41,"column":0},"end":{"line":41,"column":54}},"41":{"start":{"line":42,"column":0},"end":{"line":42,"column":64}},"43":{"start":{"line":44,"column":0},"end":{"line":44,"column":16}},"44":{"start":{"line":45,"column":0},"end":{"line":45,"column":11}},"45":{"start":{"line":46,"column":0},"end":{"line":46,"column":27}},"46":{"start":{"line":47,"column":0},"end":{"line":47,"column":73}},"47":{"start":{"line":48,"column":0},"end":{"line":48,"column":84}},"48":{"start":{"line":49,"column":0},"end":{"line":49,"column":30}},"49":{"start":{"line":50,"column":0},"end":{"line":50,"column":28}},"50":{"start":{"line":51,"column":0},"end":{"line":51,"column":59}},"52":{"start":{"line":53,"column":0},"end":{"line":53,"column":33}},"53":{"start":{"line":54,"column":0},"end":{"line":54,"column":25}},"54":{"start":{"line":55,"column":0},"end":{"line":55,"column":52}},"55":{"start":{"line":56,"column":0},"end":{"line":56,"column":46}},"56":{"start":{"line":57,"column":0},"end":{"line":57,"column":15}},"57":{"start":{"line":58,"column":0},"end":{"line":58,"column":7}},"59":{"start":{"line":60,"column":0},"end":{"line":60,"column":11}},"60":{"start":{"line":61,"column":0},"end":{"line":61,"column":56}},"61":{"start":{"line":62,"column":0},"end":{"line":62,"column":20}},"62":{"start":{"line":63,"column":0},"end":{"line":63,"column":51}},"63":{"start":{"line":64,"column":0},"end":{"line":64,"column":12}},"64":{"start":{"line":65,"column":0},"end":{"line":65,"column":11}},"66":{"start":{"line":67,"column":0},"end":{"line":67,"column":35}},"67":{"start":{"line":68,"column":0},"end":{"line":68,"column":45}},"68":{"start":{"line":69,"column":0},"end":{"line":69,"column":50}},"69":{"start":{"line":70,"column":0},"end":{"line":70,"column":57}},"70":{"start":{"line":71,"column":0},"end":{"line":71,"column":21}},"71":{"start":{"line":72,"column":0},"end":{"line":72,"column":69}},"72":{"start":{"line":73,"column":0},"end":{"line":73,"column":81}},"73":{"start":{"line":74,"column":0},"end":{"line":74,"column":7}},"74":{"start":{"line":75,"column":0},"end":{"line":75,"column":6}},"76":{"start":{"line":77,"column":0},"end":{"line":77,"column":38}},"77":{"start":{"line":78,"column":0},"end":{"line":78,"column":11}},"78":{"start":{"line":79,"column":0},"end":{"line":79,"column":60}},"79":{"start":{"line":80,"column":0},"end":{"line":80,"column":40}},"80":{"start":{"line":81,"column":0},"end":{"line":81,"column":21}},"81":{"start":{"line":82,"column":0},"end":{"line":82,"column":78}},"82":{"start":{"line":83,"column":0},"end":{"line":83,"column":7}},"83":{"start":{"line":84,"column":0},"end":{"line":84,"column":6}},"85":{"start":{"line":86,"column":0},"end":{"line":86,"column":36}},"86":{"start":{"line":87,"column":0},"end":{"line":87,"column":66}},"87":{"start":{"line":88,"column":0},"end":{"line":88,"column":72}},"88":{"start":{"line":89,"column":0},"end":{"line":89,"column":15}},"89":{"start":{"line":90,"column":0},"end":{"line":90,"column":7}},"91":{"start":{"line":92,"column":0},"end":{"line":92,"column":81}},"92":{"start":{"line":93,"column":0},"end":{"line":93,"column":57}},"93":{"start":{"line":94,"column":0},"end":{"line":94,"column":15}},"94":{"start":{"line":95,"column":0},"end":{"line":95,"column":7}},"96":{"start":{"line":97,"column":0},"end":{"line":97,"column":31}},"98":{"start":{"line":99,"column":0},"end":{"line":99,"column":66}},"99":{"start":{"line":100,"column":0},"end":{"line":100,"column":37}},"100":{"start":{"line":101,"column":0},"end":{"line":101,"column":58}},"101":{"start":{"line":102,"column":0},"end":{"line":102,"column":47}},"102":{"start":{"line":103,"column":0},"end":{"line":103,"column":9}},"103":{"start":{"line":104,"column":0},"end":{"line":104,"column":7}},"105":{"start":{"line":106,"column":0},"end":{"line":106,"column":52}},"106":{"start":{"line":107,"column":0},"end":{"line":107,"column":47}},"107":{"start":{"line":108,"column":0},"end":{"line":108,"column":15}},"108":{"start":{"line":109,"column":0},"end":{"line":109,"column":7}},"110":{"start":{"line":111,"column":0},"end":{"line":111,"column":11}},"111":{"start":{"line":112,"column":0},"end":{"line":112,"column":54}},"112":{"start":{"line":113,"column":0},"end":{"line":113,"column":20}},"113":{"start":{"line":114,"column":0},"end":{"line":114,"column":51}},"114":{"start":{"line":115,"column":0},"end":{"line":115,"column":12}},"115":{"start":{"line":116,"column":0},"end":{"line":116,"column":11}},"116":{"start":{"line":117,"column":0},"end":{"line":117,"column":58}},"117":{"start":{"line":118,"column":0},"end":{"line":118,"column":86}},"118":{"start":{"line":119,"column":0},"end":{"line":119,"column":21}},"119":{"start":{"line":120,"column":0},"end":{"line":120,"column":69}},"120":{"start":{"line":121,"column":0},"end":{"line":121,"column":80}},"121":{"start":{"line":122,"column":0},"end":{"line":122,"column":7}},"122":{"start":{"line":123,"column":0},"end":{"line":123,"column":6}},"124":{"start":{"line":125,"column":0},"end":{"line":125,"column":21}},"125":{"start":{"line":126,"column":0},"end":{"line":126,"column":16}},"126":{"start":{"line":127,"column":0},"end":{"line":127,"column":21}},"127":{"start":{"line":128,"column":0},"end":{"line":128,"column":7}},"129":{"start":{"line":130,"column":0},"end":{"line":130,"column":67}},"130":{"start":{"line":131,"column":0},"end":{"line":131,"column":4}},"131":{"start":{"line":132,"column":0},"end":{"line":132,"column":2}}},"s":{"0":0,"1":0,"2":0,"3":0,"4":0,"5":0,"6":0,"7":0,"8":0,"9":0,"10":0,"11":0,"12":0,"13":0,"14":0,"15":0,"16":0,"17":0,"18":0,"19":0,"20":0,"21":0,"22":0,"23":0,"24":0,"25":1,"26":1,"27":1,"28":1,"29":1,"30":1,"31":1,"32":1,"33":1,"37":1,"38":1,"40":1,"41":1,"43":1,"44":1,"45":2,"46":2,"47":2,"48":2,"49":2,"50":2,"52":2,"53":2,"54":2,"55":2,"56":2,"57":2,"59":0,"60":0,"61":0,"62":0,"63":0,"64":0,"66":0,"67":0,"68":0,"69":0,"70":0,"71":0,"72":0,"73":0,"74":2,"76":2,"77":2,"78":2,"79":0,"80":2,"81":2,"82":2,"83":2,"85":2,"86":0,"87":0,"88":0,"89":0,"91":0,"92":0,"93":0,"94":0,"96":0,"98":0,"99":0,"100":0,"101":0,"102":0,"103":0,"105":0,"106":0,"107":0,"108":0,"110":0,"111":0,"112":0,"113":0,"114":0,"115":0,"116":0,"117":0,"118":0,"119":0,"120":0,"121":0,"122":2,"124":2,"125":2,"126":2,"127":2,"129":2,"130":1,"131":1},"branchMap":{"0":{"type":"branch","line":45,"loc":{"start":{"line":45,"column":2},"end":{"line":131,"column":3}},"locations":[{"start":{"line":45,"column":2},"end":{"line":131,"column":3}}]},"1":{"type":"branch","line":53,"loc":{"start":{"line":53,"column":20},"end":{"line":75,"column":5}},"locations":[{"start":{"line":53,"column":20},"end":{"line":75,"column":5}}]},"2":{"type":"branch","line":58,"loc":{"start":{"line":58,"column":6},"end":{"line":74,"column":7}},"locations":[{"start":{"line":58,"column":6},"end":{"line":74,"column":7}}]},"3":{"type":"branch","line":77,"loc":{"start":{"line":77,"column":25},"end":{"line":84,"column":5}},"locations":[{"start":{"line":77,"column":25},"end":{"line":84,"column":5}}]},"4":{"type":"branch","line":79,"loc":{"start":{"line":79,"column":59},"end":{"line":81,"column":8}},"locations":[{"start":{"line":79,"column":59},"end":{"line":81,"column":8}}]},"5":{"type":"branch","line":125,"loc":{"start":{"line":125,"column":14},"end":{"line":128,"column":5}},"locations":[{"start":{"line":125,"column":14},"end":{"line":128,"column":5}}]},"6":{"type":"branch","line":3,"loc":{"start":{"line":3,"column":4},"end":{"line":3,"column":31}},"locations":[{"start":{"line":3,"column":4},"end":{"line":3,"column":31}}]},"7":{"type":"branch","line":31,"loc":{"start":{"line":31,"column":6},"end":{"line":31,"column":53}},"locations":[{"start":{"line":31,"column":6},"end":{"line":31,"column":53}}]},"8":{"type":"branch","line":32,"loc":{"start":{"line":32,"column":6},"end":{"line":32,"column":63}},"locations":[{"start":{"line":32,"column":6},"end":{"line":32,"column":63}}]},"9":{"type":"branch","line":1,"loc":{"start":{"line":1,"column":0},"end":{"line":1,"column":10}},"locations":[{"start":{"line":1,"column":0},"end":{"line":1,"column":10}}]}},"b":{"0":[2],"1":[2],"2":[0],"3":[2],"4":[0],"5":[2],"6":[2],"7":[2],"8":[2],"9":[2]},"fnMap":{"0":{"name":"setup","decl":{"start":{"line":45,"column":2},"end":{"line":131,"column":3}},"loc":{"start":{"line":45,"column":2},"end":{"line":131,"column":3}},"line":45},"1":{"name":"getUser","decl":{"start":{"line":53,"column":20},"end":{"line":75,"column":5}},"loc":{"start":{"line":53,"column":20},"end":{"line":75,"column":5}},"line":53},"2":{"name":"getCompanies","decl":{"start":{"line":77,"column":25},"end":{"line":84,"column":5}},"loc":{"start":{"line":77,"column":25},"end":{"line":84,"column":5}},"line":77},"3":{"name":"updateUser","decl":{"start":{"line":86,"column":23},"end":{"line":123,"column":5}},"loc":{"start":{"line":86,"column":23},"end":{"line":123,"column":5}},"line":86},"4":{"name":"onUpdate:modelValue._cache.<computed>._cache.<computed>","decl":{"start":{"line":1,"column":0},"end":{"line":7,"column":53}},"loc":{"start":{"line":1,"column":0},"end":{"line":7,"column":53}},"line":1},"5":{"name":"onUpdate:modelValue._cache.<computed>._cache.<computed>","decl":{"start":{"line":1,"column":0},"end":{"line":11,"column":54}},"loc":{"start":{"line":1,"column":0},"end":{"line":11,"column":54}},"line":1},"6":{"name":"onUpdate:modelValue._cache.<computed>._cache.<computed>","decl":{"start":{"line":1,"column":0},"end":{"line":15,"column":39}},"loc":{"start":{"line":1,"column":0},"end":{"line":15,"column":39}},"line":1},"7":{"name":"onUpdate:modelValue._cache.<computed>._cache.<computed>","decl":{"start":{"line":1,"column":0},"end":{"line":22,"column":55}},"loc":{"start":{"line":1,"column":0},"end":{"line":22,"column":55}},"line":1},"8":{"name":"onUpdate:modelValue._cache.<computed>._cache.<computed>","decl":{"start":{"line":1,"column":0},"end":{"line":26,"column":57}},"loc":{"start":{"line":1,"column":0},"end":{"line":26,"column":57}},"line":1},"9":{"name":"onClick._cache.<computed>._cache.<computed>","decl":{"start":{"line":28,"column":20},"end":{"line":28,"column":34}},"loc":{"start":{"line":28,"column":20},"end":{"line":28,"column":34}},"line":28}},"f":{"0":2,"1":2,"2":2,"3":0,"4":0,"5":0,"6":0,"7":0,"8":0,"9":0}}
}
