{"C:\\Users\\Lou-Ann\\OneDrive - Groupe Scolaire La Croix-Rouge\\Documents\\CIPA5\\projet cipasimal\\projet_DP_IHM\\src\\views\\CreateProjectView.vue": {"path":"C:\\Users\\Lou-Ann\\OneDrive - Groupe Scolaire La Croix-Rouge\\Documents\\CIPA5\\projet cipasimal\\projet_DP_IHM\\src\\views\\CreateProjectView.vue","all":false,"statementMap":{"0":{"start":{"line":1,"column":0},"end":{"line":1,"column":10}},"1":{"start":{"line":2,"column":0},"end":{"line":2,"column":40}},"2":{"start":{"line":3,"column":0},"end":{"line":3,"column":36}},"3":{"start":{"line":4,"column":0},"end":{"line":4,"column":41}},"4":{"start":{"line":5,"column":0},"end":{"line":5,"column":30}},"5":{"start":{"line":6,"column":0},"end":{"line":6,"column":72}},"6":{"start":{"line":7,"column":0},"end":{"line":7,"column":97}},"7":{"start":{"line":8,"column":0},"end":{"line":8,"column":12}},"8":{"start":{"line":9,"column":0},"end":{"line":9,"column":30}},"9":{"start":{"line":10,"column":0},"end":{"line":10,"column":51}},"10":{"start":{"line":11,"column":0},"end":{"line":11,"column":70}},"11":{"start":{"line":12,"column":0},"end":{"line":12,"column":12}},"12":{"start":{"line":13,"column":0},"end":{"line":13,"column":30}},"13":{"start":{"line":14,"column":0},"end":{"line":14,"column":63}},"14":{"start":{"line":15,"column":0},"end":{"line":15,"column":82}},"15":{"start":{"line":16,"column":0},"end":{"line":16,"column":12}},"16":{"start":{"line":17,"column":0},"end":{"line":17,"column":30}},"17":{"start":{"line":18,"column":0},"end":{"line":18,"column":43}},"18":{"start":{"line":19,"column":0},"end":{"line":19,"column":59}},"19":{"start":{"line":20,"column":0},"end":{"line":20,"column":52}},"20":{"start":{"line":21,"column":0},"end":{"line":21,"column":50}},"21":{"start":{"line":22,"column":0},"end":{"line":22,"column":48}},"22":{"start":{"line":23,"column":0},"end":{"line":23,"column":17}},"23":{"start":{"line":24,"column":0},"end":{"line":24,"column":12}},"24":{"start":{"line":25,"column":0},"end":{"line":25,"column":30}},"25":{"start":{"line":26,"column":0},"end":{"line":26,"column":54}},"26":{"start":{"line":27,"column":0},"end":{"line":27,"column":80}},"27":{"start":{"line":28,"column":0},"end":{"line":28,"column":12}},"28":{"start":{"line":29,"column":0},"end":{"line":29,"column":30}},"29":{"start":{"line":30,"column":0},"end":{"line":30,"column":50}},"30":{"start":{"line":31,"column":0},"end":{"line":31,"column":76}},"31":{"start":{"line":32,"column":0},"end":{"line":32,"column":12}},"32":{"start":{"line":33,"column":0},"end":{"line":33,"column":30}},"33":{"start":{"line":34,"column":0},"end":{"line":34,"column":75}},"34":{"start":{"line":35,"column":0},"end":{"line":35,"column":33}},"35":{"start":{"line":36,"column":0},"end":{"line":36,"column":111}},"36":{"start":{"line":37,"column":0},"end":{"line":37,"column":92}},"37":{"start":{"line":38,"column":0},"end":{"line":38,"column":14}},"38":{"start":{"line":39,"column":0},"end":{"line":39,"column":12}},"39":{"start":{"line":40,"column":0},"end":{"line":40,"column":77}},"40":{"start":{"line":41,"column":0},"end":{"line":41,"column":96}},"41":{"start":{"line":42,"column":0},"end":{"line":42,"column":15}},"42":{"start":{"line":43,"column":0},"end":{"line":43,"column":13}},"43":{"start":{"line":44,"column":0},"end":{"line":44,"column":12}},"44":{"start":{"line":45,"column":0},"end":{"line":45,"column":31}},"45":{"start":{"line":46,"column":0},"end":{"line":46,"column":50}},"46":{"start":{"line":47,"column":0},"end":{"line":47,"column":63}},"47":{"start":{"line":48,"column":0},"end":{"line":48,"column":63}},"48":{"start":{"line":49,"column":0},"end":{"line":49,"column":114}},"49":{"start":{"line":50,"column":0},"end":{"line":50,"column":17}},"50":{"start":{"line":51,"column":0},"end":{"line":51,"column":12}},"51":{"start":{"line":52,"column":0},"end":{"line":52,"column":52}},"52":{"start":{"line":53,"column":0},"end":{"line":53,"column":11}},"53":{"start":{"line":54,"column":0},"end":{"line":54,"column":8}},"57":{"start":{"line":58,"column":0},"end":{"line":58,"column":26}},"59":{"start":{"line":60,"column":0},"end":{"line":60,"column":16}},"60":{"start":{"line":61,"column":0},"end":{"line":61,"column":10}},"61":{"start":{"line":62,"column":0},"end":{"line":62,"column":12}},"62":{"start":{"line":63,"column":0},"end":{"line":63,"column":13}},"63":{"start":{"line":64,"column":0},"end":{"line":64,"column":31}},"64":{"start":{"line":65,"column":0},"end":{"line":65,"column":24}},"65":{"start":{"line":66,"column":0},"end":{"line":66,"column":18}},"66":{"start":{"line":67,"column":0},"end":{"line":67,"column":27}},"67":{"start":{"line":68,"column":0},"end":{"line":68,"column":23}},"68":{"start":{"line":69,"column":0},"end":{"line":69,"column":21}},"69":{"start":{"line":70,"column":0},"end":{"line":70,"column":25}},"70":{"start":{"line":71,"column":0},"end":{"line":71,"column":20}},"71":{"start":{"line":72,"column":0},"end":{"line":72,"column":8}},"72":{"start":{"line":73,"column":0},"end":{"line":73,"column":25}},"73":{"start":{"line":74,"column":0},"end":{"line":74,"column":20}},"74":{"start":{"line":75,"column":0},"end":{"line":75,"column":25}},"75":{"start":{"line":76,"column":0},"end":{"line":76,"column":6}},"76":{"start":{"line":77,"column":0},"end":{"line":77,"column":4}},"77":{"start":{"line":78,"column":0},"end":{"line":78,"column":12}},"78":{"start":{"line":79,"column":0},"end":{"line":79,"column":26}},"79":{"start":{"line":80,"column":0},"end":{"line":80,"column":11}},"80":{"start":{"line":81,"column":0},"end":{"line":81,"column":52}},"81":{"start":{"line":82,"column":0},"end":{"line":82,"column":21}},"82":{"start":{"line":83,"column":0},"end":{"line":83,"column":60}},"83":{"start":{"line":84,"column":0},"end":{"line":84,"column":17}},"84":{"start":{"line":85,"column":0},"end":{"line":85,"column":9}},"86":{"start":{"line":87,"column":0},"end":{"line":87,"column":44}},"87":{"start":{"line":88,"column":0},"end":{"line":88,"column":73}},"88":{"start":{"line":89,"column":0},"end":{"line":89,"column":20}},"89":{"start":{"line":90,"column":0},"end":{"line":90,"column":45}},"90":{"start":{"line":91,"column":0},"end":{"line":91,"column":12}},"91":{"start":{"line":92,"column":0},"end":{"line":92,"column":11}},"92":{"start":{"line":93,"column":0},"end":{"line":93,"column":97}},"93":{"start":{"line":94,"column":0},"end":{"line":94,"column":23}},"94":{"start":{"line":95,"column":0},"end":{"line":95,"column":36}},"95":{"start":{"line":96,"column":0},"end":{"line":96,"column":88}},"96":{"start":{"line":97,"column":0},"end":{"line":97,"column":7}},"97":{"start":{"line":98,"column":0},"end":{"line":98,"column":6}},"98":{"start":{"line":99,"column":0},"end":{"line":99,"column":22}},"99":{"start":{"line":100,"column":0},"end":{"line":100,"column":32}},"100":{"start":{"line":101,"column":0},"end":{"line":101,"column":58}},"101":{"start":{"line":102,"column":0},"end":{"line":102,"column":68}},"102":{"start":{"line":103,"column":0},"end":{"line":103,"column":33}},"103":{"start":{"line":104,"column":0},"end":{"line":104,"column":7}},"104":{"start":{"line":105,"column":0},"end":{"line":105,"column":6}},"105":{"start":{"line":106,"column":0},"end":{"line":106,"column":30}},"106":{"start":{"line":107,"column":0},"end":{"line":107,"column":46}},"107":{"start":{"line":108,"column":0},"end":{"line":108,"column":6}},"108":{"start":{"line":109,"column":0},"end":{"line":109,"column":28}},"109":{"start":{"line":110,"column":0},"end":{"line":110,"column":11}},"110":{"start":{"line":111,"column":0},"end":{"line":111,"column":80}},"111":{"start":{"line":112,"column":0},"end":{"line":112,"column":39}},"112":{"start":{"line":113,"column":0},"end":{"line":113,"column":23}},"113":{"start":{"line":114,"column":0},"end":{"line":114,"column":80}},"114":{"start":{"line":115,"column":0},"end":{"line":115,"column":7}},"115":{"start":{"line":116,"column":0},"end":{"line":116,"column":6}},"116":{"start":{"line":117,"column":0},"end":{"line":117,"column":4}},"117":{"start":{"line":118,"column":0},"end":{"line":118,"column":14}},"118":{"start":{"line":119,"column":0},"end":{"line":119,"column":26}},"119":{"start":{"line":120,"column":0},"end":{"line":120,"column":4}},"120":{"start":{"line":121,"column":0},"end":{"line":121,"column":2}}},"s":{"0":0,"1":0,"2":0,"3":0,"4":0,"5":0,"6":0,"7":0,"8":0,"9":0,"10":0,"11":0,"12":0,"13":0,"14":0,"15":0,"16":0,"17":0,"18":0,"19":0,"20":0,"21":0,"22":0,"23":0,"24":0,"25":0,"26":0,"27":0,"28":0,"29":0,"30":0,"31":0,"32":0,"33":0,"34":0,"35":0,"36":0,"37":0,"38":0,"39":0,"40":0,"41":0,"42":0,"43":0,"44":0,"45":0,"46":1,"47":1,"48":1,"49":1,"50":1,"51":1,"52":1,"53":1,"57":1,"59":1,"60":1,"61":1,"62":1,"63":1,"64":1,"65":1,"66":1,"67":1,"68":1,"69":1,"70":1,"71":1,"72":1,"73":1,"74":1,"75":1,"76":1,"77":1,"78":1,"79":1,"80":1,"81":1,"82":0,"83":0,"84":0,"86":1,"87":1,"88":1,"89":1,"90":1,"91":1,"92":0,"93":0,"94":0,"95":0,"96":0,"97":1,"98":1,"99":0,"100":0,"101":0,"102":0,"103":0,"104":1,"105":1,"106":0,"107":1,"108":1,"109":1,"110":1,"111":0,"112":0,"113":0,"114":0,"115":1,"116":1,"117":1,"118":1,"119":1,"120":1},"branchMap":{"0":{"type":"branch","line":61,"loc":{"start":{"line":61,"column":2},"end":{"line":77,"column":3}},"locations":[{"start":{"line":61,"column":2},"end":{"line":77,"column":3}}]},"1":{"type":"branch","line":79,"loc":{"start":{"line":79,"column":4},"end":{"line":98,"column":5}},"locations":[{"start":{"line":79,"column":4},"end":{"line":98,"column":5}}]},"2":{"type":"branch","line":82,"loc":{"start":{"line":82,"column":20},"end":{"line":85,"column":9}},"locations":[{"start":{"line":82,"column":20},"end":{"line":85,"column":9}}]},"3":{"type":"branch","line":92,"loc":{"start":{"line":92,"column":10},"end":{"line":97,"column":7}},"locations":[{"start":{"line":92,"column":10},"end":{"line":97,"column":7}}]},"4":{"type":"branch","line":109,"loc":{"start":{"line":109,"column":4},"end":{"line":116,"column":5}},"locations":[{"start":{"line":109,"column":4},"end":{"line":116,"column":5}}]},"5":{"type":"branch","line":111,"loc":{"start":{"line":111,"column":79},"end":{"line":115,"column":7}},"locations":[{"start":{"line":111,"column":79},"end":{"line":115,"column":7}}]},"6":{"type":"branch","line":118,"loc":{"start":{"line":118,"column":3},"end":{"line":120,"column":3}},"locations":[{"start":{"line":118,"column":3},"end":{"line":120,"column":3}}]},"7":{"type":"branch","line":3,"loc":{"start":{"line":3,"column":4},"end":{"line":3,"column":36}},"locations":[{"start":{"line":3,"column":4},"end":{"line":3,"column":36}}]},"8":{"type":"branch","line":4,"loc":{"start":{"line":4,"column":17},"end":{"line":4,"column":41}},"locations":[{"start":{"line":4,"column":17},"end":{"line":4,"column":41}}]},"9":{"type":"branch","line":6,"loc":{"start":{"line":6,"column":8},"end":{"line":6,"column":72}},"locations":[{"start":{"line":6,"column":8},"end":{"line":6,"column":72}}]},"10":{"type":"branch","line":1,"loc":{"start":{"line":1,"column":0},"end":{"line":7,"column":86}},"locations":[{"start":{"line":1,"column":0},"end":{"line":7,"column":86}}]},"11":{"type":"branch","line":10,"loc":{"start":{"line":10,"column":8},"end":{"line":10,"column":51}},"locations":[{"start":{"line":10,"column":8},"end":{"line":10,"column":51}}]},"12":{"type":"branch","line":1,"loc":{"start":{"line":1,"column":0},"end":{"line":11,"column":59}},"locations":[{"start":{"line":1,"column":0},"end":{"line":11,"column":59}}]},"13":{"type":"branch","line":14,"loc":{"start":{"line":14,"column":8},"end":{"line":14,"column":63}},"locations":[{"start":{"line":14,"column":8},"end":{"line":14,"column":63}}]},"14":{"type":"branch","line":1,"loc":{"start":{"line":1,"column":0},"end":{"line":15,"column":62}},"locations":[{"start":{"line":1,"column":0},"end":{"line":15,"column":62}}]},"15":{"type":"branch","line":18,"loc":{"start":{"line":18,"column":8},"end":{"line":18,"column":43}},"locations":[{"start":{"line":18,"column":8},"end":{"line":18,"column":43}}]},"16":{"type":"branch","line":1,"loc":{"start":{"line":1,"column":0},"end":{"line":19,"column":50}},"locations":[{"start":{"line":1,"column":0},"end":{"line":19,"column":50}}]},"17":{"type":"branch","line":26,"loc":{"start":{"line":26,"column":8},"end":{"line":26,"column":54}},"locations":[{"start":{"line":26,"column":8},"end":{"line":26,"column":54}}]},"18":{"type":"branch","line":1,"loc":{"start":{"line":1,"column":0},"end":{"line":27,"column":69}},"locations":[{"start":{"line":1,"column":0},"end":{"line":27,"column":69}}]},"19":{"type":"branch","line":30,"loc":{"start":{"line":30,"column":8},"end":{"line":30,"column":50}},"locations":[{"start":{"line":30,"column":8},"end":{"line":30,"column":50}}]},"20":{"type":"branch","line":1,"loc":{"start":{"line":1,"column":0},"end":{"line":31,"column":65}},"locations":[{"start":{"line":1,"column":0},"end":{"line":31,"column":65}}]},"21":{"type":"branch","line":34,"loc":{"start":{"line":34,"column":8},"end":{"line":34,"column":75}},"locations":[{"start":{"line":34,"column":8},"end":{"line":34,"column":75}}]},"22":{"type":"branch","line":1,"loc":{"start":{"line":1,"column":0},"end":{"line":36,"column":72}},"locations":[{"start":{"line":1,"column":0},"end":{"line":36,"column":72}}]},"23":{"type":"branch","line":37,"loc":{"start":{"line":37,"column":38},"end":{"line":37,"column":56}},"locations":[{"start":{"line":37,"column":38},"end":{"line":37,"column":56}}]},"24":{"type":"branch","line":46,"loc":{"start":{"line":46,"column":8},"end":{"line":46,"column":50}},"locations":[{"start":{"line":46,"column":8},"end":{"line":46,"column":50}}]},"25":{"type":"branch","line":1,"loc":{"start":{"line":1,"column":0},"end":{"line":47,"column":54}},"locations":[{"start":{"line":1,"column":0},"end":{"line":47,"column":54}}]},"26":{"type":"branch","line":48,"loc":{"start":{"line":48,"column":10},"end":{"line":48,"column":63}},"locations":[{"start":{"line":48,"column":10},"end":{"line":48,"column":63}}]},"27":{"type":"branch","line":52,"loc":{"start":{"line":52,"column":6},"end":{"line":52,"column":52}},"locations":[{"start":{"line":52,"column":6},"end":{"line":52,"column":52}}]},"28":{"type":"branch","line":1,"loc":{"start":{"line":1,"column":0},"end":{"line":4,"column":41}},"locations":[{"start":{"line":1,"column":0},"end":{"line":4,"column":41}}]}},"b":{"0":[1],"1":[1],"2":[0],"3":[0],"4":[1],"5":[0],"6":[1],"7":[1],"8":[1],"9":[1],"10":[1],"11":[1],"12":[1],"13":[1],"14":[1],"15":[1],"16":[1],"17":[1],"18":[1],"19":[1],"20":[1],"21":[1],"22":[1],"23":[1],"24":[1],"25":[1],"26":[1],"27":[1],"28":[1]},"fnMap":{"0":{"name":"data","decl":{"start":{"line":61,"column":2},"end":{"line":77,"column":3}},"loc":{"start":{"line":61,"column":2},"end":{"line":77,"column":3}},"line":61},"1":{"name":"handleSubmit","decl":{"start":{"line":79,"column":4},"end":{"line":98,"column":5}},"loc":{"start":{"line":79,"column":4},"end":{"line":98,"column":5}},"line":79},"2":{"name":"addParticipant","decl":{"start":{"line":99,"column":4},"end":{"line":105,"column":5}},"loc":{"start":{"line":99,"column":4},"end":{"line":105,"column":5}},"line":99},"3":{"name":"removeParticipant","decl":{"start":{"line":106,"column":4},"end":{"line":108,"column":5}},"loc":{"start":{"line":106,"column":4},"end":{"line":108,"column":5}},"line":106},"4":{"name":"fetchCompanies","decl":{"start":{"line":109,"column":4},"end":{"line":116,"column":5}},"loc":{"start":{"line":109,"column":4},"end":{"line":116,"column":5}},"line":109},"5":{"name":"mounted","decl":{"start":{"line":118,"column":3},"end":{"line":120,"column":3}},"loc":{"start":{"line":118,"column":3},"end":{"line":120,"column":3}},"line":118},"6":{"name":"onUpdate:modelValue._cache.<computed>._cache.<computed>","decl":{"start":{"line":1,"column":0},"end":{"line":7,"column":86}},"loc":{"start":{"line":1,"column":0},"end":{"line":7,"column":86}},"line":1},"7":{"name":"onUpdate:modelValue._cache.<computed>._cache.<computed>","decl":{"start":{"line":1,"column":0},"end":{"line":11,"column":59}},"loc":{"start":{"line":1,"column":0},"end":{"line":11,"column":59}},"line":1},"8":{"name":"onUpdate:modelValue._cache.<computed>._cache.<computed>","decl":{"start":{"line":1,"column":0},"end":{"line":15,"column":62}},"loc":{"start":{"line":1,"column":0},"end":{"line":15,"column":62}},"line":1},"9":{"name":"onUpdate:modelValue._cache.<computed>._cache.<computed>","decl":{"start":{"line":1,"column":0},"end":{"line":19,"column":50}},"loc":{"start":{"line":1,"column":0},"end":{"line":19,"column":50}},"line":1},"10":{"name":"onUpdate:modelValue._cache.<computed>._cache.<computed>","decl":{"start":{"line":1,"column":0},"end":{"line":27,"column":69}},"loc":{"start":{"line":1,"column":0},"end":{"line":27,"column":69}},"line":1},"11":{"name":"onUpdate:modelValue._cache.<computed>._cache.<computed>","decl":{"start":{"line":1,"column":0},"end":{"line":31,"column":65}},"loc":{"start":{"line":1,"column":0},"end":{"line":31,"column":65}},"line":1},"12":{"name":"onUpdate:modelValue._cache.<computed>._cache.<computed>","decl":{"start":{"line":1,"column":0},"end":{"line":36,"column":72}},"loc":{"start":{"line":1,"column":0},"end":{"line":36,"column":72}},"line":1},"13":{"name":"onClick._cache.<computed>._cache.<computed>","decl":{"start":{"line":37,"column":38},"end":{"line":37,"column":56}},"loc":{"start":{"line":37,"column":38},"end":{"line":37,"column":56}},"line":37},"14":{"name":"onClick","decl":{"start":{"line":41,"column":50},"end":{"line":41,"column":78}},"loc":{"start":{"line":41,"column":50},"end":{"line":41,"column":78}},"line":41},"15":{"name":"onUpdate:modelValue._cache.<computed>._cache.<computed>","decl":{"start":{"line":1,"column":0},"end":{"line":47,"column":54}},"loc":{"start":{"line":1,"column":0},"end":{"line":47,"column":54}},"line":1}},"f":{"0":1,"1":1,"2":0,"3":0,"4":1,"5":1,"6":0,"7":0,"8":0,"9":0,"10":0,"11":0,"12":0,"13":0,"14":0,"15":0}}
}
